This file contains any messages produced by compilers while
running configure, to aid debugging if configure makes a mistake.

It was created by ikev2 configure 1.0, which was
generated by GNU Autoconf 2.69.  Invocation command line was

  $ /home/m1016632/ikev2/configure --enable-maintainer-mode CFLAGS=-g -O0 CXXFLAGS=-g -O0 JFLAGS=-g -O0 FFLAGS=-g -O0 --no-create --no-recursion

## --------- ##
## Platform. ##
## --------- ##

hostname = A2ML04601L
uname -m = i686
uname -r = 3.13.0-24-generic
uname -s = Linux
uname -v = #47-Ubuntu SMP Fri May 2 23:31:42 UTC 2014

/usr/bin/uname -p = unknown
/bin/uname -X     = unknown

/bin/arch              = unknown
/usr/bin/arch -k       = unknown
/usr/convex/getsysinfo = unknown
/usr/bin/hostinfo      = unknown
/bin/machine           = unknown
/usr/bin/oslevel       = unknown
/bin/universe          = unknown

PATH: /usr/local/sbin
PATH: /usr/local/bin
PATH: /usr/sbin
PATH: /usr/bin
PATH: /sbin
PATH: /bin
PATH: /usr/games
PATH: /usr/local/games


## ----------- ##
## Core tests. ##
## ----------- ##

configure:2432: checking for a BSD-compatible install
configure:2500: result: /usr/bin/install -c
configure:2511: checking whether build environment is sane
configure:2566: result: yes
configure:2717: checking for a thread-safe mkdir -p
configure:2756: result: /bin/mkdir -p
configure:2763: checking for gawk
configure:2779: found /usr/bin/gawk
configure:2790: result: gawk
configure:2801: checking whether make sets $(MAKE)
configure:2823: result: yes
configure:2852: checking whether make supports nested variables
configure:2869: result: yes
configure:3007: checking whether make supports nested variables
configure:3024: result: yes
configure:3094: checking for g++
configure:3110: found /usr/bin/g++
configure:3121: result: g++
configure:3148: checking for C++ compiler version
configure:3157: g++ --version >&5
g++ (Ubuntu 4.8.2-19ubuntu1) 4.8.2
Copyright (C) 2013 Free Software Foundation, Inc.
This is free software; see the source for copying conditions.  There is NO
warranty; not even for MERCHANTABILITY or FITNESS FOR A PARTICULAR PURPOSE.

configure:3168: $? = 0
configure:3157: g++ -v >&5
Using built-in specs.
COLLECT_GCC=g++
COLLECT_LTO_WRAPPER=/usr/lib/gcc/i686-linux-gnu/4.8/lto-wrapper
Target: i686-linux-gnu
Configured with: ../src/configure -v --with-pkgversion='Ubuntu 4.8.2-19ubuntu1' --with-bugurl=file:///usr/share/doc/gcc-4.8/README.Bugs --enable-languages=c,c++,java,go,d,fortran,objc,obj-c++ --prefix=/usr --program-suffix=-4.8 --enable-shared --enable-linker-build-id --libexecdir=/usr/lib --without-included-gettext --enable-threads=posix --with-gxx-include-dir=/usr/include/c++/4.8 --libdir=/usr/lib --enable-nls --with-sysroot=/ --enable-clocale=gnu --enable-libstdcxx-debug --enable-libstdcxx-time=yes --enable-gnu-unique-object --disable-libmudflap --enable-plugin --with-system-zlib --disable-browser-plugin --enable-java-awt=gtk --enable-gtk-cairo --with-java-home=/usr/lib/jvm/java-1.5.0-gcj-4.8-i386/jre --enable-java-home --with-jvm-root-dir=/usr/lib/jvm/java-1.5.0-gcj-4.8-i386 --with-jvm-jar-dir=/usr/lib/jvm-exports/java-1.5.0-gcj-4.8-i386 --with-arch-directory=i386 --with-ecj-jar=/usr/share/java/eclipse-ecj.jar --enable-objc-gc --enable-targets=all --enable-multiarch --disable-werror --with-arch-32=i686 --with-multilib-list=m32,m64,mx32 --with-tune=generic --enable-checking=release --build=i686-linux-gnu --host=i686-linux-gnu --target=i686-linux-gnu
Thread model: posix
gcc version 4.8.2 (Ubuntu 4.8.2-19ubuntu1) 
configure:3168: $? = 0
configure:3157: g++ -V >&5
g++: error: unrecognized command line option '-V'
g++: fatal error: no input files
compilation terminated.
configure:3168: $? = 4
configure:3157: g++ -qversion >&5
g++: error: unrecognized command line option '-qversion'
g++: fatal error: no input files
compilation terminated.
configure:3168: $? = 4
configure:3188: checking whether the C++ compiler works
configure:3210: g++ -g -O0   conftest.cpp  >&5
configure:3214: $? = 0
configure:3262: result: yes
configure:3265: checking for C++ compiler default output file name
configure:3267: result: a.out
configure:3273: checking for suffix of executables
configure:3280: g++ -o conftest -g -O0   conftest.cpp  >&5
configure:3284: $? = 0
configure:3306: result: 
configure:3328: checking whether we are cross compiling
configure:3336: g++ -o conftest -g -O0   conftest.cpp  >&5
configure:3340: $? = 0
configure:3347: ./conftest
configure:3351: $? = 0
configure:3366: result: no
configure:3371: checking for suffix of object files
configure:3393: g++ -c -g -O0  conftest.cpp >&5
configure:3397: $? = 0
configure:3418: result: o
configure:3422: checking whether we are using the GNU C++ compiler
configure:3441: g++ -c -g -O0  conftest.cpp >&5
configure:3441: $? = 0
configure:3450: result: yes
configure:3459: checking whether g++ accepts -g
configure:3479: g++ -c -g  conftest.cpp >&5
configure:3479: $? = 0
configure:3520: result: yes
configure:3554: checking for style of include used by make
configure:3582: result: GNU
configure:3608: checking dependency style of g++
configure:3719: result: gcc3
configure:3736: checking whether NLS is requested
configure:3745: result: yes
configure:3797: checking for gcc
configure:3813: found /usr/bin/gcc
configure:3824: result: gcc
configure:4053: checking for C compiler version
configure:4062: gcc --version >&5
gcc (Ubuntu 4.8.2-19ubuntu1) 4.8.2
Copyright (C) 2013 Free Software Foundation, Inc.
This is free software; see the source for copying conditions.  There is NO
warranty; not even for MERCHANTABILITY or FITNESS FOR A PARTICULAR PURPOSE.

configure:4073: $? = 0
configure:4062: gcc -v >&5
Using built-in specs.
COLLECT_GCC=gcc
COLLECT_LTO_WRAPPER=/usr/lib/gcc/i686-linux-gnu/4.8/lto-wrapper
Target: i686-linux-gnu
Configured with: ../src/configure -v --with-pkgversion='Ubuntu 4.8.2-19ubuntu1' --with-bugurl=file:///usr/share/doc/gcc-4.8/README.Bugs --enable-languages=c,c++,java,go,d,fortran,objc,obj-c++ --prefix=/usr --program-suffix=-4.8 --enable-shared --enable-linker-build-id --libexecdir=/usr/lib --without-included-gettext --enable-threads=posix --with-gxx-include-dir=/usr/include/c++/4.8 --libdir=/usr/lib --enable-nls --with-sysroot=/ --enable-clocale=gnu --enable-libstdcxx-debug --enable-libstdcxx-time=yes --enable-gnu-unique-object --disable-libmudflap --enable-plugin --with-system-zlib --disable-browser-plugin --enable-java-awt=gtk --enable-gtk-cairo --with-java-home=/usr/lib/jvm/java-1.5.0-gcj-4.8-i386/jre --enable-java-home --with-jvm-root-dir=/usr/lib/jvm/java-1.5.0-gcj-4.8-i386 --with-jvm-jar-dir=/usr/lib/jvm-exports/java-1.5.0-gcj-4.8-i386 --with-arch-directory=i386 --with-ecj-jar=/usr/share/java/eclipse-ecj.jar --enable-objc-gc --enable-targets=all --enable-multiarch --disable-werror --with-arch-32=i686 --with-multilib-list=m32,m64,mx32 --with-tune=generic --enable-checking=release --build=i686-linux-gnu --host=i686-linux-gnu --target=i686-linux-gnu
Thread model: posix
gcc version 4.8.2 (Ubuntu 4.8.2-19ubuntu1) 
configure:4073: $? = 0
configure:4062: gcc -V >&5
gcc: error: unrecognized command line option '-V'
gcc: fatal error: no input files
compilation terminated.
configure:4073: $? = 4
configure:4062: gcc -qversion >&5
gcc: error: unrecognized command line option '-qversion'
gcc: fatal error: no input files
compilation terminated.
configure:4073: $? = 4
configure:4077: checking whether we are using the GNU C compiler
configure:4096: gcc -c -g -O0  conftest.c >&5
configure:4096: $? = 0
configure:4105: result: yes
configure:4114: checking whether gcc accepts -g
configure:4134: gcc -c -g  conftest.c >&5
configure:4134: $? = 0
configure:4175: result: yes
configure:4192: checking for gcc option to accept ISO C89
configure:4255: gcc  -c -g -O0  conftest.c >&5
configure:4255: $? = 0
configure:4268: result: none needed
configure:4293: checking whether gcc understands -c and -o together
configure:4315: gcc -c conftest.c -o conftest2.o
configure:4318: $? = 0
configure:4315: gcc -c conftest.c -o conftest2.o
configure:4318: $? = 0
configure:4330: result: yes
configure:4349: checking dependency style of gcc
configure:4460: result: gcc3
configure:4490: checking for intltool >= 0.35.0
configure:4492: result: 0.50.2 found
configure:4500: checking for intltool-update
configure:4518: found /usr/bin/intltool-update
configure:4530: result: /usr/bin/intltool-update
configure:4540: checking for intltool-merge
configure:4558: found /usr/bin/intltool-merge
configure:4570: result: /usr/bin/intltool-merge
configure:4580: checking for intltool-extract
configure:4598: found /usr/bin/intltool-extract
configure:4610: result: /usr/bin/intltool-extract
configure:4764: checking for xgettext
configure:4782: found /usr/bin/xgettext
configure:4794: result: /usr/bin/xgettext
configure:4804: checking for msgmerge
configure:4822: found /usr/bin/msgmerge
configure:4834: result: /usr/bin/msgmerge
configure:4844: checking for msgfmt
configure:4862: found /usr/bin/msgfmt
configure:4874: result: /usr/bin/msgfmt
configure:4884: checking for gmsgfmt
configure:4915: result: /usr/bin/msgfmt
configure:4935: checking for perl
configure:4953: found /usr/bin/perl
configure:4965: result: /usr/bin/perl
configure:4976: checking for perl >= 5.8.1
configure:4983: result: 5.18.2
configure:4987: checking for XML::Parser
configure:4990: result: ok
configure:5015: gcc -o conftest -g -O0   conftest.c  >&5
configure:5015: $? = 0
configure:5054: checking how to run the C preprocessor
configure:5085: gcc -E  conftest.c
configure:5085: $? = 0
configure:5099: gcc -E  conftest.c
conftest.c:12:28: fatal error: ac_nonexistent.h: No such file or directory
 #include <ac_nonexistent.h>
                            ^
compilation terminated.
configure:5099: $? = 1
configure: failed program was:
| /* confdefs.h */
| #define PACKAGE_NAME "ikev2"
| #define PACKAGE_TARNAME "ikev2"
| #define PACKAGE_VERSION "1.0"
| #define PACKAGE_STRING "ikev2 1.0"
| #define PACKAGE_BUGREPORT ""
| #define PACKAGE_URL ""
| #define PACKAGE "ikev2"
| #define VERSION "1.0"
| #define GETTEXT_PACKAGE "ikev2"
| /* end confdefs.h.  */
| #include <ac_nonexistent.h>
configure:5124: result: gcc -E
configure:5144: gcc -E  conftest.c
configure:5144: $? = 0
configure:5158: gcc -E  conftest.c
conftest.c:12:28: fatal error: ac_nonexistent.h: No such file or directory
 #include <ac_nonexistent.h>
                            ^
compilation terminated.
configure:5158: $? = 1
configure: failed program was:
| /* confdefs.h */
| #define PACKAGE_NAME "ikev2"
| #define PACKAGE_TARNAME "ikev2"
| #define PACKAGE_VERSION "1.0"
| #define PACKAGE_STRING "ikev2 1.0"
| #define PACKAGE_BUGREPORT ""
| #define PACKAGE_URL ""
| #define PACKAGE "ikev2"
| #define VERSION "1.0"
| #define GETTEXT_PACKAGE "ikev2"
| /* end confdefs.h.  */
| #include <ac_nonexistent.h>
configure:5187: checking for grep that handles long lines and -e
configure:5245: result: /bin/grep
configure:5250: checking for egrep
configure:5312: result: /bin/grep -E
configure:5317: checking for ANSI C header files
configure:5337: gcc -c -g -O0  conftest.c >&5
configure:5337: $? = 0
configure:5410: gcc -o conftest -g -O0   conftest.c  >&5
configure:5410: $? = 0
configure:5410: ./conftest
configure:5410: $? = 0
configure:5421: result: yes
configure:5434: checking for sys/types.h
configure:5434: gcc -c -g -O0  conftest.c >&5
configure:5434: $? = 0
configure:5434: result: yes
configure:5434: checking for sys/stat.h
configure:5434: gcc -c -g -O0  conftest.c >&5
configure:5434: $? = 0
configure:5434: result: yes
configure:5434: checking for stdlib.h
configure:5434: gcc -c -g -O0  conftest.c >&5
configure:5434: $? = 0
configure:5434: result: yes
configure:5434: checking for string.h
configure:5434: gcc -c -g -O0  conftest.c >&5
configure:5434: $? = 0
configure:5434: result: yes
configure:5434: checking for memory.h
configure:5434: gcc -c -g -O0  conftest.c >&5
configure:5434: $? = 0
configure:5434: result: yes
configure:5434: checking for strings.h
configure:5434: gcc -c -g -O0  conftest.c >&5
configure:5434: $? = 0
configure:5434: result: yes
configure:5434: checking for inttypes.h
configure:5434: gcc -c -g -O0  conftest.c >&5
configure:5434: $? = 0
configure:5434: result: yes
configure:5434: checking for stdint.h
configure:5434: gcc -c -g -O0  conftest.c >&5
configure:5434: $? = 0
configure:5434: result: yes
configure:5434: checking for unistd.h
configure:5434: gcc -c -g -O0  conftest.c >&5
configure:5434: $? = 0
configure:5434: result: yes
configure:5449: checking locale.h usability
configure:5449: gcc -c -g -O0  conftest.c >&5
configure:5449: $? = 0
configure:5449: result: yes
configure:5449: checking locale.h presence
configure:5449: gcc -E  conftest.c
configure:5449: $? = 0
configure:5449: result: yes
configure:5449: checking for locale.h
configure:5449: result: yes
configure:5460: checking for LC_MESSAGES
configure:5476: gcc -o conftest -g -O0   conftest.c  >&5
configure:5476: $? = 0
configure:5484: result: yes
configure:5501: checking libintl.h usability
configure:5501: gcc -c -g -O0  conftest.c >&5
configure:5501: $? = 0
configure:5501: result: yes
configure:5501: checking libintl.h presence
configure:5501: gcc -E  conftest.c
configure:5501: $? = 0
configure:5501: result: yes
configure:5501: checking for libintl.h
configure:5501: result: yes
configure:5509: checking for ngettext in libc
configure:5527: gcc -o conftest -g -O0   conftest.c  >&5
configure:5527: $? = 0
configure:5536: result: yes
configure:5540: checking for dgettext in libc
configure:5558: gcc -o conftest -g -O0   conftest.c  >&5
configure:5558: $? = 0
configure:5567: result: yes
configure:5574: checking for bind_textdomain_codeset
configure:5574: gcc -o conftest -g -O0   conftest.c  >&5
configure:5574: $? = 0
configure:5574: result: yes
configure:5850: checking for msgfmt
configure:5877: result: /usr/bin/msgfmt
configure:5888: checking for dcgettext
configure:5888: gcc -o conftest -g -O0   conftest.c   >&5
conftest.c:49:6: warning: conflicting types for built-in function 'dcgettext' [enabled by default]
 char dcgettext ();
      ^
configure:5888: $? = 0
configure:5888: result: yes
configure:5898: checking if msgfmt accepts -c
configure:5913: $MSGFMT -c -o /dev/null conftest.foo
conftest.foo:3: warning: header field 'Language' missing in header
configure:5916: $? = 0
configure:5918: result: yes
configure:5928: checking for gmsgfmt
configure:5959: result: /usr/bin/msgfmt
configure:5969: checking for xgettext
configure:5996: result: /usr/bin/xgettext
configure:6015: gcc -o conftest -g -O0   conftest.c   >&5
configure:6015: $? = 0
configure:6160: checking iostream usability
configure:6160: gcc -c -g -O0  conftest.c >&5
conftest.c:61:20: fatal error: iostream: No such file or directory
 #include <iostream>
                    ^
compilation terminated.
configure:6160: $? = 1
configure: failed program was:
| /* confdefs.h */
| #define PACKAGE_NAME "ikev2"
| #define PACKAGE_TARNAME "ikev2"
| #define PACKAGE_VERSION "1.0"
| #define PACKAGE_STRING "ikev2 1.0"
| #define PACKAGE_BUGREPORT ""
| #define PACKAGE_URL ""
| #define PACKAGE "ikev2"
| #define VERSION "1.0"
| #define GETTEXT_PACKAGE "ikev2"
| #define STDC_HEADERS 1
| #define HAVE_SYS_TYPES_H 1
| #define HAVE_SYS_STAT_H 1
| #define HAVE_STDLIB_H 1
| #define HAVE_STRING_H 1
| #define HAVE_MEMORY_H 1
| #define HAVE_STRINGS_H 1
| #define HAVE_INTTYPES_H 1
| #define HAVE_STDINT_H 1
| #define HAVE_UNISTD_H 1
| #define HAVE_LOCALE_H 1
| #define HAVE_LC_MESSAGES 1
| #define HAVE_BIND_TEXTDOMAIN_CODESET 1
| #define HAVE_GETTEXT 1
| #define HAVE_DCGETTEXT 1
| #define ENABLE_NLS 1
| /* end confdefs.h.  */
| #include <stdio.h>
| #ifdef HAVE_SYS_TYPES_H
| # include <sys/types.h>
| #endif
| #ifdef HAVE_SYS_STAT_H
| # include <sys/stat.h>
| #endif
| #ifdef STDC_HEADERS
| # include <stdlib.h>
| # include <stddef.h>
| #else
| # ifdef HAVE_STDLIB_H
| #  include <stdlib.h>
| # endif
| #endif
| #ifdef HAVE_STRING_H
| # if !defined STDC_HEADERS && defined HAVE_MEMORY_H
| #  include <memory.h>
| # endif
| # include <string.h>
| #endif
| #ifdef HAVE_STRINGS_H
| # include <strings.h>
| #endif
| #ifdef HAVE_INTTYPES_H
| # include <inttypes.h>
| #endif
| #ifdef HAVE_STDINT_H
| # include <stdint.h>
| #endif
| #ifdef HAVE_UNISTD_H
| # include <unistd.h>
| #endif
| #include <iostream>
configure:6160: result: no
configure:6160: checking iostream presence
configure:6160: gcc -E  conftest.c
conftest.c:28:20: fatal error: iostream: No such file or directory
 #include <iostream>
                    ^
compilation terminated.
configure:6160: $? = 1
configure: failed program was:
| /* confdefs.h */
| #define PACKAGE_NAME "ikev2"
| #define PACKAGE_TARNAME "ikev2"
| #define PACKAGE_VERSION "1.0"
| #define PACKAGE_STRING "ikev2 1.0"
| #define PACKAGE_BUGREPORT ""
| #define PACKAGE_URL ""
| #define PACKAGE "ikev2"
| #define VERSION "1.0"
| #define GETTEXT_PACKAGE "ikev2"
| #define STDC_HEADERS 1
| #define HAVE_SYS_TYPES_H 1
| #define HAVE_SYS_STAT_H 1
| #define HAVE_STDLIB_H 1
| #define HAVE_STRING_H 1
| #define HAVE_MEMORY_H 1
| #define HAVE_STRINGS_H 1
| #define HAVE_INTTYPES_H 1
| #define HAVE_STDINT_H 1
| #define HAVE_UNISTD_H 1
| #define HAVE_LOCALE_H 1
| #define HAVE_LC_MESSAGES 1
| #define HAVE_BIND_TEXTDOMAIN_CODESET 1
| #define HAVE_GETTEXT 1
| #define HAVE_DCGETTEXT 1
| #define ENABLE_NLS 1
| /* end confdefs.h.  */
| #include <iostream>
configure:6160: result: no
configure:6160: checking for iostream
configure:6160: result: no
configure:6172: checking vector usability
configure:6172: gcc -c -g -O0  conftest.c >&5
conftest.c:61:18: fatal error: vector: No such file or directory
 #include <vector>
                  ^
compilation terminated.
configure:6172: $? = 1
configure: failed program was:
| /* confdefs.h */
| #define PACKAGE_NAME "ikev2"
| #define PACKAGE_TARNAME "ikev2"
| #define PACKAGE_VERSION "1.0"
| #define PACKAGE_STRING "ikev2 1.0"
| #define PACKAGE_BUGREPORT ""
| #define PACKAGE_URL ""
| #define PACKAGE "ikev2"
| #define VERSION "1.0"
| #define GETTEXT_PACKAGE "ikev2"
| #define STDC_HEADERS 1
| #define HAVE_SYS_TYPES_H 1
| #define HAVE_SYS_STAT_H 1
| #define HAVE_STDLIB_H 1
| #define HAVE_STRING_H 1
| #define HAVE_MEMORY_H 1
| #define HAVE_STRINGS_H 1
| #define HAVE_INTTYPES_H 1
| #define HAVE_STDINT_H 1
| #define HAVE_UNISTD_H 1
| #define HAVE_LOCALE_H 1
| #define HAVE_LC_MESSAGES 1
| #define HAVE_BIND_TEXTDOMAIN_CODESET 1
| #define HAVE_GETTEXT 1
| #define HAVE_DCGETTEXT 1
| #define ENABLE_NLS 1
| /* end confdefs.h.  */
| #include <stdio.h>
| #ifdef HAVE_SYS_TYPES_H
| # include <sys/types.h>
| #endif
| #ifdef HAVE_SYS_STAT_H
| # include <sys/stat.h>
| #endif
| #ifdef STDC_HEADERS
| # include <stdlib.h>
| # include <stddef.h>
| #else
| # ifdef HAVE_STDLIB_H
| #  include <stdlib.h>
| # endif
| #endif
| #ifdef HAVE_STRING_H
| # if !defined STDC_HEADERS && defined HAVE_MEMORY_H
| #  include <memory.h>
| # endif
| # include <string.h>
| #endif
| #ifdef HAVE_STRINGS_H
| # include <strings.h>
| #endif
| #ifdef HAVE_INTTYPES_H
| # include <inttypes.h>
| #endif
| #ifdef HAVE_STDINT_H
| # include <stdint.h>
| #endif
| #ifdef HAVE_UNISTD_H
| # include <unistd.h>
| #endif
| #include <vector>
configure:6172: result: no
configure:6172: checking vector presence
configure:6172: gcc -E  conftest.c
conftest.c:28:18: fatal error: vector: No such file or directory
 #include <vector>
                  ^
compilation terminated.
configure:6172: $? = 1
configure: failed program was:
| /* confdefs.h */
| #define PACKAGE_NAME "ikev2"
| #define PACKAGE_TARNAME "ikev2"
| #define PACKAGE_VERSION "1.0"
| #define PACKAGE_STRING "ikev2 1.0"
| #define PACKAGE_BUGREPORT ""
| #define PACKAGE_URL ""
| #define PACKAGE "ikev2"
| #define VERSION "1.0"
| #define GETTEXT_PACKAGE "ikev2"
| #define STDC_HEADERS 1
| #define HAVE_SYS_TYPES_H 1
| #define HAVE_SYS_STAT_H 1
| #define HAVE_STDLIB_H 1
| #define HAVE_STRING_H 1
| #define HAVE_MEMORY_H 1
| #define HAVE_STRINGS_H 1
| #define HAVE_INTTYPES_H 1
| #define HAVE_STDINT_H 1
| #define HAVE_UNISTD_H 1
| #define HAVE_LOCALE_H 1
| #define HAVE_LC_MESSAGES 1
| #define HAVE_BIND_TEXTDOMAIN_CODESET 1
| #define HAVE_GETTEXT 1
| #define HAVE_DCGETTEXT 1
| #define ENABLE_NLS 1
| /* end confdefs.h.  */
| #include <vector>
configure:6172: result: no
configure:6172: checking for vector
configure:6172: result: no
configure:6184: checking regex usability
configure:6184: gcc -c -g -O0  conftest.c >&5
conftest.c:61:17: fatal error: regex: No such file or directory
 #include <regex>
                 ^
compilation terminated.
configure:6184: $? = 1
configure: failed program was:
| /* confdefs.h */
| #define PACKAGE_NAME "ikev2"
| #define PACKAGE_TARNAME "ikev2"
| #define PACKAGE_VERSION "1.0"
| #define PACKAGE_STRING "ikev2 1.0"
| #define PACKAGE_BUGREPORT ""
| #define PACKAGE_URL ""
| #define PACKAGE "ikev2"
| #define VERSION "1.0"
| #define GETTEXT_PACKAGE "ikev2"
| #define STDC_HEADERS 1
| #define HAVE_SYS_TYPES_H 1
| #define HAVE_SYS_STAT_H 1
| #define HAVE_STDLIB_H 1
| #define HAVE_STRING_H 1
| #define HAVE_MEMORY_H 1
| #define HAVE_STRINGS_H 1
| #define HAVE_INTTYPES_H 1
| #define HAVE_STDINT_H 1
| #define HAVE_UNISTD_H 1
| #define HAVE_LOCALE_H 1
| #define HAVE_LC_MESSAGES 1
| #define HAVE_BIND_TEXTDOMAIN_CODESET 1
| #define HAVE_GETTEXT 1
| #define HAVE_DCGETTEXT 1
| #define ENABLE_NLS 1
| /* end confdefs.h.  */
| #include <stdio.h>
| #ifdef HAVE_SYS_TYPES_H
| # include <sys/types.h>
| #endif
| #ifdef HAVE_SYS_STAT_H
| # include <sys/stat.h>
| #endif
| #ifdef STDC_HEADERS
| # include <stdlib.h>
| # include <stddef.h>
| #else
| # ifdef HAVE_STDLIB_H
| #  include <stdlib.h>
| # endif
| #endif
| #ifdef HAVE_STRING_H
| # if !defined STDC_HEADERS && defined HAVE_MEMORY_H
| #  include <memory.h>
| # endif
| # include <string.h>
| #endif
| #ifdef HAVE_STRINGS_H
| # include <strings.h>
| #endif
| #ifdef HAVE_INTTYPES_H
| # include <inttypes.h>
| #endif
| #ifdef HAVE_STDINT_H
| # include <stdint.h>
| #endif
| #ifdef HAVE_UNISTD_H
| # include <unistd.h>
| #endif
| #include <regex>
configure:6184: result: no
configure:6184: checking regex presence
configure:6184: gcc -E  conftest.c
conftest.c:28:17: fatal error: regex: No such file or directory
 #include <regex>
                 ^
compilation terminated.
configure:6184: $? = 1
configure: failed program was:
| /* confdefs.h */
| #define PACKAGE_NAME "ikev2"
| #define PACKAGE_TARNAME "ikev2"
| #define PACKAGE_VERSION "1.0"
| #define PACKAGE_STRING "ikev2 1.0"
| #define PACKAGE_BUGREPORT ""
| #define PACKAGE_URL ""
| #define PACKAGE "ikev2"
| #define VERSION "1.0"
| #define GETTEXT_PACKAGE "ikev2"
| #define STDC_HEADERS 1
| #define HAVE_SYS_TYPES_H 1
| #define HAVE_SYS_STAT_H 1
| #define HAVE_STDLIB_H 1
| #define HAVE_STRING_H 1
| #define HAVE_MEMORY_H 1
| #define HAVE_STRINGS_H 1
| #define HAVE_INTTYPES_H 1
| #define HAVE_STDINT_H 1
| #define HAVE_UNISTD_H 1
| #define HAVE_LOCALE_H 1
| #define HAVE_LC_MESSAGES 1
| #define HAVE_BIND_TEXTDOMAIN_CODESET 1
| #define HAVE_GETTEXT 1
| #define HAVE_DCGETTEXT 1
| #define ENABLE_NLS 1
| /* end confdefs.h.  */
| #include <regex>
configure:6184: result: no
configure:6184: checking for regex
configure:6184: result: no
configure:6224: checking build system type
configure:6238: result: i686-pc-linux-gnu
configure:6258: checking host system type
configure:6271: result: i686-pc-linux-gnu
configure:6312: checking how to print strings
configure:6339: result: printf
configure:6360: checking for a sed that does not truncate output
configure:6424: result: /bin/sed
configure:6442: checking for fgrep
configure:6504: result: /bin/grep -F
configure:6539: checking for ld used by gcc
configure:6606: result: /usr/bin/ld
configure:6613: checking if the linker (/usr/bin/ld) is GNU ld
configure:6628: result: yes
configure:6640: checking for BSD- or MS-compatible name lister (nm)
configure:6689: result: /usr/bin/nm -B
configure:6819: checking the name lister (/usr/bin/nm -B) interface
configure:6826: gcc -c -g -O0  conftest.c >&5
configure:6829: /usr/bin/nm -B "conftest.o"
configure:6832: output
00000000 B some_variable
configure:6839: result: BSD nm
configure:6842: checking whether ln -s works
configure:6846: result: yes
configure:6854: checking the maximum length of command line arguments
configure:6985: result: 805306365
configure:7002: checking whether the shell understands some XSI constructs
configure:7012: result: yes
configure:7016: checking whether the shell understands "+="
configure:7022: result: yes
configure:7057: checking how to convert i686-pc-linux-gnu file names to i686-pc-linux-gnu format
configure:7097: result: func_convert_file_noop
configure:7104: checking how to convert i686-pc-linux-gnu file names to toolchain format
configure:7124: result: func_convert_file_noop
configure:7131: checking for /usr/bin/ld option to reload object files
configure:7138: result: -r
configure:7212: checking for objdump
configure:7228: found /usr/bin/objdump
configure:7239: result: objdump
configure:7271: checking how to recognize dependent libraries
configure:7469: result: pass_all
configure:7554: checking for dlltool
configure:7584: result: no
configure:7614: checking how to associate runtime and link libraries
configure:7641: result: printf %s\n
configure:7701: checking for ar
configure:7717: found /usr/bin/ar
configure:7728: result: ar
configure:7765: checking for archiver @FILE support
configure:7782: gcc -c -g -O0  conftest.c >&5
configure:7782: $? = 0
configure:7785: ar cru libconftest.a @conftest.lst >&5
configure:7788: $? = 0
configure:7793: ar cru libconftest.a @conftest.lst >&5
ar: conftest.o: No such file or directory
configure:7796: $? = 1
configure:7808: result: @
configure:7866: checking for strip
configure:7882: found /usr/bin/strip
configure:7893: result: strip
configure:7965: checking for ranlib
configure:7981: found /usr/bin/ranlib
configure:7992: result: ranlib
configure:8094: checking command to parse /usr/bin/nm -B output from gcc object
configure:8214: gcc -c -g -O0  conftest.c >&5
configure:8217: $? = 0
configure:8221: /usr/bin/nm -B conftest.o \| sed -n -e 's/^.*[ ]\([ABCDGIRSTW][ABCDGIRSTW]*\)[ ][ ]*\([_A-Za-z][_A-Za-z0-9]*\)$/\1 \2 \2/p' | sed '/ __gnu_lto/d' \> conftest.nm
configure:8224: $? = 0
configure:8290: gcc -o conftest -g -O0   conftest.c conftstm.o >&5
configure:8293: $? = 0
configure:8331: result: ok
configure:8368: checking for sysroot
configure:8398: result: no
configure:8667: checking for mt
configure:8683: found /bin/mt
configure:8694: result: mt
configure:8717: checking if mt is a manifest tool
configure:8723: mt '-?'
configure:8731: result: no
configure:9370: checking for dlfcn.h
configure:9370: gcc -c -g -O0  conftest.c >&5
configure:9370: $? = 0
configure:9370: result: yes
configure:9587: checking for objdir
configure:9602: result: .libs
configure:9873: checking if gcc supports -fno-rtti -fno-exceptions
configure:9891: gcc -c -g -O0  -fno-rtti -fno-exceptions conftest.c >&5
cc1: warning: command line option '-fno-rtti' is valid for C++/ObjC++ but not for C [enabled by default]
configure:9895: $? = 0
configure:9908: result: no
configure:10235: checking for gcc option to produce PIC
configure:10242: result: -fPIC -DPIC
configure:10250: checking if gcc PIC flag -fPIC -DPIC works
configure:10268: gcc -c -g -O0  -fPIC -DPIC -DPIC conftest.c >&5
configure:10272: $? = 0
configure:10285: result: yes
configure:10314: checking if gcc static flag -static works
configure:10342: result: yes
configure:10357: checking if gcc supports -c -o file.o
configure:10378: gcc -c -g -O0  -o out/conftest2.o conftest.c >&5
configure:10382: $? = 0
configure:10404: result: yes
configure:10412: checking if gcc supports -c -o file.o
configure:10459: result: yes
configure:10492: checking whether the gcc linker (/usr/bin/ld) supports shared libraries
configure:11649: result: yes
configure:11686: checking whether -lc should be explicitly linked in
configure:11694: gcc -c -g -O0  conftest.c >&5
configure:11697: $? = 0
configure:11712: gcc -shared  -fPIC -DPIC conftest.o  -v -Wl,-soname -Wl,conftest -o conftest 2\>\&1 \| /bin/grep  -lc  \>/dev/null 2\>\&1
configure:11715: $? = 0
configure:11729: result: no
configure:11889: checking dynamic linker characteristics
configure:12389: gcc -o conftest -g -O0   -Wl,-rpath -Wl,/foo conftest.c  >&5
configure:12389: $? = 0
configure:12623: result: GNU/Linux ld.so
configure:12730: checking how to hardcode library paths into programs
configure:12755: result: immediate
configure:13295: checking whether stripping libraries is possible
configure:13300: result: yes
configure:13335: checking if libtool supports shared libraries
configure:13337: result: yes
configure:13340: checking whether to build shared libraries
configure:13361: result: yes
configure:13364: checking whether to build static libraries
configure:13368: result: yes
configure:13391: checking how to run the C++ preprocessor
configure:13418: g++ -E  conftest.cpp
configure:13418: $? = 0
configure:13432: g++ -E  conftest.cpp
conftest.cpp:30:28: fatal error: ac_nonexistent.h: No such file or directory
 #include <ac_nonexistent.h>
                            ^
compilation terminated.
configure:13432: $? = 1
configure: failed program was:
| /* confdefs.h */
| #define PACKAGE_NAME "ikev2"
| #define PACKAGE_TARNAME "ikev2"
| #define PACKAGE_VERSION "1.0"
| #define PACKAGE_STRING "ikev2 1.0"
| #define PACKAGE_BUGREPORT ""
| #define PACKAGE_URL ""
| #define PACKAGE "ikev2"
| #define VERSION "1.0"
| #define GETTEXT_PACKAGE "ikev2"
| #define STDC_HEADERS 1
| #define HAVE_SYS_TYPES_H 1
| #define HAVE_SYS_STAT_H 1
| #define HAVE_STDLIB_H 1
| #define HAVE_STRING_H 1
| #define HAVE_MEMORY_H 1
| #define HAVE_STRINGS_H 1
| #define HAVE_INTTYPES_H 1
| #define HAVE_STDINT_H 1
| #define HAVE_UNISTD_H 1
| #define HAVE_LOCALE_H 1
| #define HAVE_LC_MESSAGES 1
| #define HAVE_BIND_TEXTDOMAIN_CODESET 1
| #define HAVE_GETTEXT 1
| #define HAVE_DCGETTEXT 1
| #define ENABLE_NLS 1
| #define HAVE_DLFCN_H 1
| #define LT_OBJDIR ".libs/"
| /* end confdefs.h.  */
| #include <ac_nonexistent.h>
configure:13457: result: g++ -E
configure:13477: g++ -E  conftest.cpp
configure:13477: $? = 0
configure:13491: g++ -E  conftest.cpp
conftest.cpp:30:28: fatal error: ac_nonexistent.h: No such file or directory
 #include <ac_nonexistent.h>
                            ^
compilation terminated.
configure:13491: $? = 1
configure: failed program was:
| /* confdefs.h */
| #define PACKAGE_NAME "ikev2"
| #define PACKAGE_TARNAME "ikev2"
| #define PACKAGE_VERSION "1.0"
| #define PACKAGE_STRING "ikev2 1.0"
| #define PACKAGE_BUGREPORT ""
| #define PACKAGE_URL ""
| #define PACKAGE "ikev2"
| #define VERSION "1.0"
| #define GETTEXT_PACKAGE "ikev2"
| #define STDC_HEADERS 1
| #define HAVE_SYS_TYPES_H 1
| #define HAVE_SYS_STAT_H 1
| #define HAVE_STDLIB_H 1
| #define HAVE_STRING_H 1
| #define HAVE_MEMORY_H 1
| #define HAVE_STRINGS_H 1
| #define HAVE_INTTYPES_H 1
| #define HAVE_STDINT_H 1
| #define HAVE_UNISTD_H 1
| #define HAVE_LOCALE_H 1
| #define HAVE_LC_MESSAGES 1
| #define HAVE_BIND_TEXTDOMAIN_CODESET 1
| #define HAVE_GETTEXT 1
| #define HAVE_DCGETTEXT 1
| #define ENABLE_NLS 1
| #define HAVE_DLFCN_H 1
| #define LT_OBJDIR ".libs/"
| /* end confdefs.h.  */
| #include <ac_nonexistent.h>
configure:13660: checking for ld used by g++
configure:13727: result: /usr/bin/ld
configure:13734: checking if the linker (/usr/bin/ld) is GNU ld
configure:13749: result: yes
configure:13804: checking whether the g++ linker (/usr/bin/ld) supports shared libraries
configure:14806: result: yes
configure:14842: g++ -c -g -O0  conftest.cpp >&5
configure:14845: $? = 0
configure:15365: checking for g++ option to produce PIC
configure:15372: result: -fPIC -DPIC
configure:15380: checking if g++ PIC flag -fPIC -DPIC works
configure:15398: g++ -c -g -O0  -fPIC -DPIC -DPIC conftest.cpp >&5
configure:15402: $? = 0
configure:15415: result: yes
configure:15438: checking if g++ static flag -static works
configure:15466: result: yes
configure:15478: checking if g++ supports -c -o file.o
configure:15499: g++ -c -g -O0  -o out/conftest2.o conftest.cpp >&5
configure:15503: $? = 0
configure:15525: result: yes
configure:15530: checking if g++ supports -c -o file.o
configure:15577: result: yes
configure:15607: checking whether the g++ linker (/usr/bin/ld) supports shared libraries
configure:15646: result: yes
configure:15787: checking dynamic linker characteristics
configure:16455: result: GNU/Linux ld.so
configure:16508: checking how to hardcode library paths into programs
configure:16533: result: immediate
configure:16706: checking that generated files are newer than configure
configure:16712: result: done
configure:16743: creating ./config.status
configure:19256: WARNING: unrecognized options: --enable-maintainer-mode

## ---------------- ##
## Cache variables. ##
## ---------------- ##

ac_cv_build=i686-pc-linux-gnu
ac_cv_c_compiler_gnu=yes
ac_cv_cxx_compiler_gnu=yes
ac_cv_env_CCC_set=
ac_cv_env_CCC_value=
ac_cv_env_CC_set=
ac_cv_env_CC_value=
ac_cv_env_CFLAGS_set=set
ac_cv_env_CFLAGS_value='-g -O0'
ac_cv_env_CPPFLAGS_set=
ac_cv_env_CPPFLAGS_value=
ac_cv_env_CPP_set=
ac_cv_env_CPP_value=
ac_cv_env_CXXCPP_set=
ac_cv_env_CXXCPP_value=
ac_cv_env_CXXFLAGS_set=set
ac_cv_env_CXXFLAGS_value='-g -O0'
ac_cv_env_CXX_set=
ac_cv_env_CXX_value=
ac_cv_env_LDFLAGS_set=
ac_cv_env_LDFLAGS_value=
ac_cv_env_LIBS_set=
ac_cv_env_LIBS_value=
ac_cv_env_build_alias_set=
ac_cv_env_build_alias_value=
ac_cv_env_host_alias_set=
ac_cv_env_host_alias_value=
ac_cv_env_target_alias_set=
ac_cv_env_target_alias_value=
ac_cv_func_bind_textdomain_codeset=yes
ac_cv_func_dcgettext=yes
ac_cv_header_dlfcn_h=yes
ac_cv_header_inttypes_h=yes
ac_cv_header_iostream=no
ac_cv_header_libintl_h=yes
ac_cv_header_locale_h=yes
ac_cv_header_memory_h=yes
ac_cv_header_regex=no
ac_cv_header_stdc=yes
ac_cv_header_stdint_h=yes
ac_cv_header_stdlib_h=yes
ac_cv_header_string_h=yes
ac_cv_header_strings_h=yes
ac_cv_header_sys_stat_h=yes
ac_cv_header_sys_types_h=yes
ac_cv_header_unistd_h=yes
ac_cv_header_vector=no
ac_cv_host=i686-pc-linux-gnu
ac_cv_objext=o
ac_cv_path_EGREP='/bin/grep -E'
ac_cv_path_FGREP='/bin/grep -F'
ac_cv_path_GMSGFMT=/usr/bin/msgfmt
ac_cv_path_GREP=/bin/grep
ac_cv_path_INTLTOOL_EXTRACT=/usr/bin/intltool-extract
ac_cv_path_INTLTOOL_MERGE=/usr/bin/intltool-merge
ac_cv_path_INTLTOOL_PERL=/usr/bin/perl
ac_cv_path_INTLTOOL_UPDATE=/usr/bin/intltool-update
ac_cv_path_MSGFMT=/usr/bin/msgfmt
ac_cv_path_MSGMERGE=/usr/bin/msgmerge
ac_cv_path_SED=/bin/sed
ac_cv_path_XGETTEXT=/usr/bin/xgettext
ac_cv_path_install='/usr/bin/install -c'
ac_cv_path_mkdir=/bin/mkdir
ac_cv_prog_AWK=gawk
ac_cv_prog_CPP='gcc -E'
ac_cv_prog_CXXCPP='g++ -E'
ac_cv_prog_ac_ct_AR=ar
ac_cv_prog_ac_ct_CC=gcc
ac_cv_prog_ac_ct_CXX=g++
ac_cv_prog_ac_ct_MANIFEST_TOOL=mt
ac_cv_prog_ac_ct_OBJDUMP=objdump
ac_cv_prog_ac_ct_RANLIB=ranlib
ac_cv_prog_ac_ct_STRIP=strip
ac_cv_prog_cc_c89=
ac_cv_prog_cc_g=yes
ac_cv_prog_cxx_g=yes
ac_cv_prog_make_make_set=yes
am_cv_CC_dependencies_compiler_type=gcc3
am_cv_CXX_dependencies_compiler_type=gcc3
am_cv_make_support_nested_variables=yes
am_cv_prog_cc_c_o=yes
am_cv_val_LC_MESSAGES=yes
gt_cv_func_dgettext_libc=yes
gt_cv_func_dgettext_libintl=no
gt_cv_func_ngettext_libc=yes
gt_cv_have_gettext=yes
lt_cv_ar_at_file=@
lt_cv_archive_cmds_need_lc=no
lt_cv_deplibs_check_method=pass_all
lt_cv_file_magic_cmd='$MAGIC_CMD'
lt_cv_file_magic_test_file=
lt_cv_ld_reload_flag=-r
lt_cv_nm_interface='BSD nm'
lt_cv_objdir=.libs
lt_cv_path_LD=/usr/bin/ld
lt_cv_path_LDCXX=/usr/bin/ld
lt_cv_path_NM='/usr/bin/nm -B'
lt_cv_path_mainfest_tool=no
lt_cv_prog_compiler_c_o=yes
lt_cv_prog_compiler_c_o_CXX=yes
lt_cv_prog_compiler_pic='-fPIC -DPIC'
lt_cv_prog_compiler_pic_CXX='-fPIC -DPIC'
lt_cv_prog_compiler_pic_works=yes
lt_cv_prog_compiler_pic_works_CXX=yes
lt_cv_prog_compiler_rtti_exceptions=no
lt_cv_prog_compiler_static_works=yes
lt_cv_prog_compiler_static_works_CXX=yes
lt_cv_prog_gnu_ld=yes
lt_cv_prog_gnu_ldcxx=yes
lt_cv_sharedlib_from_linklib_cmd='printf %s\n'
lt_cv_shlibpath_overrides_runpath=no
lt_cv_sys_global_symbol_pipe='sed -n -e '\''s/^.*[	 ]\([ABCDGIRSTW][ABCDGIRSTW]*\)[	 ][	 ]*\([_A-Za-z][_A-Za-z0-9]*\)$/\1 \2 \2/p'\'' | sed '\''/ __gnu_lto/d'\'''
lt_cv_sys_global_symbol_to_c_name_address='sed -n -e '\''s/^: \([^ ]*\)[ ]*$/  {\"\1\", (void *) 0},/p'\'' -e '\''s/^[ABCDGIRSTW]* \([^ ]*\) \([^ ]*\)$/  {"\2", (void *) \&\2},/p'\'''
lt_cv_sys_global_symbol_to_c_name_address_lib_prefix='sed -n -e '\''s/^: \([^ ]*\)[ ]*$/  {\"\1\", (void *) 0},/p'\'' -e '\''s/^[ABCDGIRSTW]* \([^ ]*\) \(lib[^ ]*\)$/  {"\2", (void *) \&\2},/p'\'' -e '\''s/^[ABCDGIRSTW]* \([^ ]*\) \([^ ]*\)$/  {"lib\2", (void *) \&\2},/p'\'''
lt_cv_sys_global_symbol_to_cdecl='sed -n -e '\''s/^T .* \(.*\)$/extern int \1();/p'\'' -e '\''s/^[ABCDGIRSTW]* .* \(.*\)$/extern char \1;/p'\'''
lt_cv_sys_max_cmd_len=805306365
lt_cv_to_host_file_cmd=func_convert_file_noop
lt_cv_to_tool_file_cmd=func_convert_file_noop

## ----------------- ##
## Output variables. ##
## ----------------- ##

ACLOCAL='${SHELL} /home/m1016632/ikev2/missing aclocal-1.14'
ALL_LINGUAS=''
AMDEPBACKSLASH='\'
AMDEP_FALSE='#'
AMDEP_TRUE=''
AMTAR='$${TAR-tar}'
AM_BACKSLASH='\'
AM_CXXFLAGS='-std=c++11'
AM_DEFAULT_V='$(AM_DEFAULT_VERBOSITY)'
AM_DEFAULT_VERBOSITY='1'
AM_V='$(V)'
AR='ar'
AUTOCONF='${SHELL} /home/m1016632/ikev2/missing autoconf'
AUTOHEADER='${SHELL} /home/m1016632/ikev2/missing autoheader'
AUTOMAKE='${SHELL} /home/m1016632/ikev2/missing automake-1.14'
AWK='gawk'
CATALOGS=''
CATOBJEXT='.gmo'
CC='gcc'
CCDEPMODE='depmode=gcc3'
CFLAGS='-g -O0'
CPP='gcc -E'
CPPFLAGS=''
CXX='g++'
CXXCPP='g++ -E'
CXXDEPMODE='depmode=gcc3'
CXXFLAGS='-g -O0'
CYGPATH_W='echo'
DATADIRNAME='share'
DEFS='-DHAVE_CONFIG_H'
DEPDIR='.deps'
DLLTOOL='false'
DSYMUTIL=''
DUMPBIN=''
ECHO_C=''
ECHO_N='-n'
ECHO_T=''
EGREP='/bin/grep -E'
EXEEXT=''
FGREP='/bin/grep -F'
GETTEXT_PACKAGE='ikev2'
GMOFILES=''
GMSGFMT='/usr/bin/msgfmt'
GREP='/bin/grep'
INSTALL_DATA='${INSTALL} -m 644'
INSTALL_PROGRAM='${INSTALL}'
INSTALL_SCRIPT='${INSTALL}'
INSTALL_STRIP_PROGRAM='$(install_sh) -c -s'
INSTOBJEXT='.mo'
INTLLIBS=''
INTLTOOL_CAVES_RULE='%.caves:     %.caves.in     $(INTLTOOL_MERGE) $(wildcard $(top_srcdir)/po/*.po) ; $(INTLTOOL_V_MERGE)LC_ALL=C $(INTLTOOL_MERGE) $(INTLTOOL_V_MERGE_OPTIONS) -d -u -c $(top_builddir)/po/.intltool-merge-cache $(top_srcdir)/po $< $@'
INTLTOOL_DESKTOP_RULE='%.desktop:   %.desktop.in   $(INTLTOOL_MERGE) $(wildcard $(top_srcdir)/po/*.po) ; $(INTLTOOL_V_MERGE)LC_ALL=C $(INTLTOOL_MERGE) $(INTLTOOL_V_MERGE_OPTIONS) -d -u -c $(top_builddir)/po/.intltool-merge-cache $(top_srcdir)/po $< $@'
INTLTOOL_DIRECTORY_RULE='%.directory: %.directory.in $(INTLTOOL_MERGE) $(wildcard $(top_srcdir)/po/*.po) ; $(INTLTOOL_V_MERGE)LC_ALL=C $(INTLTOOL_MERGE) $(INTLTOOL_V_MERGE_OPTIONS) -d -u -c $(top_builddir)/po/.intltool-merge-cache $(top_srcdir)/po $< $@'
INTLTOOL_EXTRACT='/usr/bin/intltool-extract'
INTLTOOL_KBD_RULE='%.kbd:       %.kbd.in       $(INTLTOOL_MERGE) $(wildcard $(top_srcdir)/po/*.po) ; $(INTLTOOL_V_MERGE)LC_ALL=C $(INTLTOOL_MERGE) $(INTLTOOL_V_MERGE_OPTIONS) -x -u -m -c $(top_builddir)/po/.intltool-merge-cache $(top_srcdir)/po $< $@'
INTLTOOL_KEYS_RULE='%.keys:      %.keys.in      $(INTLTOOL_MERGE) $(wildcard $(top_srcdir)/po/*.po) ; $(INTLTOOL_V_MERGE)LC_ALL=C $(INTLTOOL_MERGE) $(INTLTOOL_V_MERGE_OPTIONS) -k -u -c $(top_builddir)/po/.intltool-merge-cache $(top_srcdir)/po $< $@'
INTLTOOL_MERGE='/usr/bin/intltool-merge'
INTLTOOL_OAF_RULE='%.oaf:       %.oaf.in       $(INTLTOOL_MERGE) $(wildcard $(top_srcdir)/po/*.po) ; $(INTLTOOL_V_MERGE)LC_ALL=C $(INTLTOOL_MERGE) $(INTLTOOL_V_MERGE_OPTIONS) -o -p $(top_srcdir)/po $< $@'
INTLTOOL_PERL='/usr/bin/perl'
INTLTOOL_POLICY_RULE='%.policy:    %.policy.in    $(INTLTOOL_MERGE) $(wildcard $(top_srcdir)/po/*.po) ; $(INTLTOOL_V_MERGE)LC_ALL=C $(INTLTOOL_MERGE) $(INTLTOOL_V_MERGE_OPTIONS) -x -u -c $(top_builddir)/po/.intltool-merge-cache $(top_srcdir)/po $< $@'
INTLTOOL_PONG_RULE='%.pong:      %.pong.in      $(INTLTOOL_MERGE) $(wildcard $(top_srcdir)/po/*.po) ; $(INTLTOOL_V_MERGE)LC_ALL=C $(INTLTOOL_MERGE) $(INTLTOOL_V_MERGE_OPTIONS) -x -u -c $(top_builddir)/po/.intltool-merge-cache $(top_srcdir)/po $< $@'
INTLTOOL_PROP_RULE='%.prop:      %.prop.in      $(INTLTOOL_MERGE) $(wildcard $(top_srcdir)/po/*.po) ; $(INTLTOOL_V_MERGE)LC_ALL=C $(INTLTOOL_MERGE) $(INTLTOOL_V_MERGE_OPTIONS) -d -u -c $(top_builddir)/po/.intltool-merge-cache $(top_srcdir)/po $< $@'
INTLTOOL_SCHEMAS_RULE='%.schemas:   %.schemas.in   $(INTLTOOL_MERGE) $(wildcard $(top_srcdir)/po/*.po) ; $(INTLTOOL_V_MERGE)LC_ALL=C $(INTLTOOL_MERGE) $(INTLTOOL_V_MERGE_OPTIONS) -s -u -c $(top_builddir)/po/.intltool-merge-cache $(top_srcdir)/po $< $@'
INTLTOOL_SERVER_RULE='%.server:    %.server.in    $(INTLTOOL_MERGE) $(wildcard $(top_srcdir)/po/*.po) ; $(INTLTOOL_V_MERGE)LC_ALL=C $(INTLTOOL_MERGE) $(INTLTOOL_V_MERGE_OPTIONS) -o -u -c $(top_builddir)/po/.intltool-merge-cache $(top_srcdir)/po $< $@'
INTLTOOL_SERVICE_RULE='%.service: %.service.in   $(INTLTOOL_MERGE) $(wildcard $(top_srcdir)/po/*.po) ; $(INTLTOOL_V_MERGE)LC_ALL=C $(INTLTOOL_MERGE) $(INTLTOOL_V_MERGE_OPTIONS) -d -u -c $(top_builddir)/po/.intltool-merge-cache $(top_srcdir)/po $< $@'
INTLTOOL_SHEET_RULE='%.sheet:     %.sheet.in     $(INTLTOOL_MERGE) $(wildcard $(top_srcdir)/po/*.po) ; $(INTLTOOL_V_MERGE)LC_ALL=C $(INTLTOOL_MERGE) $(INTLTOOL_V_MERGE_OPTIONS) -x -u -c $(top_builddir)/po/.intltool-merge-cache $(top_srcdir)/po $< $@'
INTLTOOL_SOUNDLIST_RULE='%.soundlist: %.soundlist.in $(INTLTOOL_MERGE) $(wildcard $(top_srcdir)/po/*.po) ; $(INTLTOOL_V_MERGE)LC_ALL=C $(INTLTOOL_MERGE) $(INTLTOOL_V_MERGE_OPTIONS) -d -u -c $(top_builddir)/po/.intltool-merge-cache $(top_srcdir)/po $< $@'
INTLTOOL_THEME_RULE='%.theme:     %.theme.in     $(INTLTOOL_MERGE) $(wildcard $(top_srcdir)/po/*.po) ; $(INTLTOOL_V_MERGE)LC_ALL=C $(INTLTOOL_MERGE) $(INTLTOOL_V_MERGE_OPTIONS) -d -u -c $(top_builddir)/po/.intltool-merge-cache $(top_srcdir)/po $< $@'
INTLTOOL_UI_RULE='%.ui:        %.ui.in        $(INTLTOOL_MERGE) $(wildcard $(top_srcdir)/po/*.po) ; $(INTLTOOL_V_MERGE)LC_ALL=C $(INTLTOOL_MERGE) $(INTLTOOL_V_MERGE_OPTIONS) -x -u -c $(top_builddir)/po/.intltool-merge-cache $(top_srcdir)/po $< $@'
INTLTOOL_UPDATE='/usr/bin/intltool-update'
INTLTOOL_V_MERGE='$(INTLTOOL__v_MERGE_$(V))'
INTLTOOL_V_MERGE_OPTIONS='$(intltool__v_merge_options_$(V))'
INTLTOOL_XAM_RULE='%.xam:       %.xml.in       $(INTLTOOL_MERGE) $(wildcard $(top_srcdir)/po/*.po) ; $(INTLTOOL_V_MERGE)LC_ALL=C $(INTLTOOL_MERGE) $(INTLTOOL_V_MERGE_OPTIONS) -x -u -c $(top_builddir)/po/.intltool-merge-cache $(top_srcdir)/po $< $@'
INTLTOOL_XML_NOMERGE_RULE='%.xml:       %.xml.in       $(INTLTOOL_MERGE) ; $(INTLTOOL_V_MERGE)LC_ALL=C $(INTLTOOL_MERGE) $(INTLTOOL_V_MERGE_OPTIONS) -x -u --no-translations $< $@'
INTLTOOL_XML_RULE='%.xml:       %.xml.in       $(INTLTOOL_MERGE) $(wildcard $(top_srcdir)/po/*.po) ; $(INTLTOOL_V_MERGE)LC_ALL=C $(INTLTOOL_MERGE) $(INTLTOOL_V_MERGE_OPTIONS) -x -u -c $(top_builddir)/po/.intltool-merge-cache $(top_srcdir)/po $< $@'
INTLTOOL__v_MERGE_0='@echo "  ITMRG " $@;'
INTLTOOL__v_MERGE_='$(INTLTOOL__v_MERGE_$(AM_DEFAULT_VERBOSITY))'
LD='/usr/bin/ld'
LDFLAGS=''
LIBOBJS=''
LIBS=''
LIBTOOL='$(SHELL) $(top_builddir)/libtool'
LIPO=''
LN_S='ln -s'
LTLIBOBJS=''
MAKEINFO='${SHELL} /home/m1016632/ikev2/missing makeinfo'
MANIFEST_TOOL=':'
MKDIR_P='/bin/mkdir -p'
MKINSTALLDIRS='/home/m1016632/ikev2/mkinstalldirs'
MSGFMT='/usr/bin/msgfmt'
MSGFMT_OPTS='-c'
MSGMERGE='/usr/bin/msgmerge'
NM='/usr/bin/nm -B'
NMEDIT=''
OBJDUMP='objdump'
OBJEXT='o'
OTOOL64=''
OTOOL=''
PACKAGE='ikev2'
PACKAGE_BUGREPORT=''
PACKAGE_NAME='ikev2'
PACKAGE_STRING='ikev2 1.0'
PACKAGE_TARNAME='ikev2'
PACKAGE_URL=''
PACKAGE_VERSION='1.0'
PATH_SEPARATOR=':'
POFILES=''
POSUB='po'
PO_IN_DATADIR_FALSE=''
PO_IN_DATADIR_TRUE=''
RANLIB='ranlib'
SED='/bin/sed'
SET_MAKE=''
SHELL='/bin/bash'
STRIP='strip'
USE_NLS='yes'
VERSION='1.0'
XGETTEXT='/usr/bin/xgettext'
ac_ct_AR='ar'
ac_ct_CC='gcc'
ac_ct_CXX='g++'
ac_ct_DUMPBIN=''
am__EXEEXT_FALSE=''
am__EXEEXT_TRUE='#'
am__fastdepCC_FALSE='#'
am__fastdepCC_TRUE=''
am__fastdepCXX_FALSE='#'
am__fastdepCXX_TRUE=''
am__include='include'
am__isrc=' -I$(srcdir)'
am__leading_dot='.'
am__nodep='_no'
am__quote=''
am__tar='$${TAR-tar} chof - "$$tardir"'
am__untar='$${TAR-tar} xf -'
bindir='${exec_prefix}/bin'
build='i686-pc-linux-gnu'
build_alias=''
build_cpu='i686'
build_os='linux-gnu'
build_vendor='pc'
datadir='${datarootdir}'
datarootdir='${prefix}/share'
docdir='${datarootdir}/doc/${PACKAGE_TARNAME}'
dvidir='${docdir}'
exec_prefix='${prefix}'
host='i686-pc-linux-gnu'
host_alias=''
host_cpu='i686'
host_os='linux-gnu'
host_vendor='pc'
htmldir='${docdir}'
includedir='${prefix}/include'
infodir='${datarootdir}/info'
install_sh='${SHELL} /home/m1016632/ikev2/install-sh'
intltool__v_merge_options_0='-q'
intltool__v_merge_options_='$(intltool__v_merge_options_$(AM_DEFAULT_VERBOSITY))'
libdir='${exec_prefix}/lib'
libexecdir='${exec_prefix}/libexec'
localedir='${datarootdir}/locale'
localstatedir='${prefix}/var'
mandir='${datarootdir}/man'
mkdir_p='$(MKDIR_P)'
oldincludedir='/usr/include'
pdfdir='${docdir}'
prefix='/usr/local'
program_transform_name='s,x,x,'
psdir='${docdir}'
sbindir='${exec_prefix}/sbin'
sharedstatedir='${prefix}/com'
sysconfdir='${prefix}/etc'
target_alias=''

## ----------- ##
## confdefs.h. ##
## ----------- ##

/* confdefs.h */
#define PACKAGE_NAME "ikev2"
#define PACKAGE_TARNAME "ikev2"
#define PACKAGE_VERSION "1.0"
#define PACKAGE_STRING "ikev2 1.0"
#define PACKAGE_BUGREPORT ""
#define PACKAGE_URL ""
#define PACKAGE "ikev2"
#define VERSION "1.0"
#define GETTEXT_PACKAGE "ikev2"
#define STDC_HEADERS 1
#define HAVE_SYS_TYPES_H 1
#define HAVE_SYS_STAT_H 1
#define HAVE_STDLIB_H 1
#define HAVE_STRING_H 1
#define HAVE_MEMORY_H 1
#define HAVE_STRINGS_H 1
#define HAVE_INTTYPES_H 1
#define HAVE_STDINT_H 1
#define HAVE_UNISTD_H 1
#define HAVE_LOCALE_H 1
#define HAVE_LC_MESSAGES 1
#define HAVE_BIND_TEXTDOMAIN_CODESET 1
#define HAVE_GETTEXT 1
#define HAVE_DCGETTEXT 1
#define ENABLE_NLS 1
#define HAVE_DLFCN_H 1
#define LT_OBJDIR ".libs/"

configure: exit 0

## ---------------------- ##
## Running config.status. ##
## ---------------------- ##

This file was extended by ikev2 config.status 1.0, which was
generated by GNU Autoconf 2.69.  Invocation command line was

  CONFIG_FILES    = 
  CONFIG_HEADERS  = 
  CONFIG_LINKS    = 
  CONFIG_COMMANDS = 
  $ ./config.status 

on A2ML04601L

config.status:1223: creating Makefile
config.status:1223: creating src/Makefile
config.status:1223: creating po/Makefile.in
config.status:1223: creating config.h
config.status:1389: config.h is unchanged
config.status:1437: executing depfiles commands
config.status:1437: executing default-1 commands
config.status:1437: executing libtool commands
config.status:1437: executing po/stamp-it commands

## ---------------------- ##
## Running config.status. ##
## ---------------------- ##

This file was extended by ikev2 config.status 1.0, which was
generated by GNU Autoconf 2.69.  Invocation command line was

  CONFIG_FILES    = 
  CONFIG_HEADERS  = 
  CONFIG_LINKS    = 
  CONFIG_COMMANDS = 
  $ ./config.status src/Makefile depfiles

on A2ML04601L

config.status:1223: creating src/Makefile
config.status:1437: executing depfiles commands
