This file contains any messages produced by compilers while
running configure, to aid debugging if configure makes a mistake.

It was created by ikev2 configure 1.0, which was
generated by GNU Autoconf 2.69.  Invocation command line was

  $ ./configure --no-create --no-recursion

## --------- ##
## Platform. ##
## --------- ##

hostname = A2ML04601L
uname -m = i686
uname -r = 3.16.0-30-generic
uname -s = Linux
uname -v = #40-Ubuntu SMP Mon Jan 12 22:07:27 UTC 2015

/usr/bin/uname -p = unknown
/bin/uname -X     = unknown

/bin/arch              = unknown
/usr/bin/arch -k       = unknown
/usr/convex/getsysinfo = unknown
/usr/bin/hostinfo      = unknown
/bin/machine           = unknown
/usr/bin/oslevel       = unknown
/bin/universe          = unknown

PATH: /usr/local/sbin
PATH: /usr/local/bin
PATH: /usr/sbin
PATH: /usr/bin
PATH: /sbin
PATH: /bin
PATH: /usr/games
PATH: /usr/local/games


## ----------- ##
## Core tests. ##
## ----------- ##

configure:2446: checking for a BSD-compatible install
configure:2514: result: /usr/bin/install -c
configure:2525: checking whether build environment is sane
configure:2580: result: yes
configure:2731: checking for a thread-safe mkdir -p
configure:2770: result: /bin/mkdir -p
configure:2777: checking for gawk
configure:2793: found /usr/bin/gawk
configure:2804: result: gawk
configure:2815: checking whether make sets $(MAKE)
configure:2837: result: yes
configure:2866: checking whether make supports nested variables
configure:2883: result: yes
configure:3081: checking for style of include used by make
configure:3109: result: GNU
configure:3180: checking for gcc
configure:3196: found /usr/bin/gcc
configure:3207: result: gcc
configure:3436: checking for C compiler version
configure:3445: gcc --version >&5
gcc (Ubuntu 4.9.1-16ubuntu6) 4.9.1
Copyright (C) 2014 Free Software Foundation, Inc.
This is free software; see the source for copying conditions.  There is NO
warranty; not even for MERCHANTABILITY or FITNESS FOR A PARTICULAR PURPOSE.

configure:3456: $? = 0
configure:3445: gcc -v >&5
Using built-in specs.
COLLECT_GCC=gcc
COLLECT_LTO_WRAPPER=/usr/lib/gcc/i686-linux-gnu/4.9/lto-wrapper
Target: i686-linux-gnu
Configured with: ../src/configure -v --with-pkgversion='Ubuntu 4.9.1-16ubuntu6' --with-bugurl=file:///usr/share/doc/gcc-4.9/README.Bugs --enable-languages=c,c++,java,go,d,fortran,objc,obj-c++ --prefix=/usr --program-suffix=-4.9 --enable-shared --enable-linker-build-id --libexecdir=/usr/lib --without-included-gettext --enable-threads=posix --with-gxx-include-dir=/usr/include/c++/4.9 --libdir=/usr/lib --enable-nls --with-sysroot=/ --enable-clocale=gnu --enable-libstdcxx-debug --enable-libstdcxx-time=yes --enable-gnu-unique-object --disable-vtable-verify --enable-plugin --with-system-zlib --disable-browser-plugin --enable-java-awt=gtk --enable-gtk-cairo --with-java-home=/usr/lib/jvm/java-1.5.0-gcj-4.9-i386/jre --enable-java-home --with-jvm-root-dir=/usr/lib/jvm/java-1.5.0-gcj-4.9-i386 --with-jvm-jar-dir=/usr/lib/jvm-exports/java-1.5.0-gcj-4.9-i386 --with-arch-directory=i386 --with-ecj-jar=/usr/share/java/eclipse-ecj.jar --enable-objc-gc --enable-targets=all --enable-multiarch --disable-werror --with-arch-32=i686 --with-multilib-list=m32,m64,mx32 --enable-multilib --with-tune=generic --enable-checking=release --build=i686-linux-gnu --host=i686-linux-gnu --target=i686-linux-gnu
Thread model: posix
gcc version 4.9.1 (Ubuntu 4.9.1-16ubuntu6) 
configure:3456: $? = 0
configure:3445: gcc -V >&5
gcc: error: unrecognized command line option '-V'
gcc: fatal error: no input files
compilation terminated.
configure:3456: $? = 4
configure:3445: gcc -qversion >&5
gcc: error: unrecognized command line option '-qversion'
gcc: fatal error: no input files
compilation terminated.
configure:3456: $? = 4
configure:3476: checking whether the C compiler works
configure:3498: gcc    conftest.c  >&5
configure:3502: $? = 0
configure:3550: result: yes
configure:3553: checking for C compiler default output file name
configure:3555: result: a.out
configure:3561: checking for suffix of executables
configure:3568: gcc -o conftest    conftest.c  >&5
configure:3572: $? = 0
configure:3594: result: 
configure:3616: checking whether we are cross compiling
configure:3624: gcc -o conftest    conftest.c  >&5
configure:3628: $? = 0
configure:3635: ./conftest
configure:3639: $? = 0
configure:3654: result: no
configure:3659: checking for suffix of object files
configure:3681: gcc -c   conftest.c >&5
configure:3685: $? = 0
configure:3706: result: o
configure:3710: checking whether we are using the GNU C compiler
configure:3729: gcc -c   conftest.c >&5
configure:3729: $? = 0
configure:3738: result: yes
configure:3747: checking whether gcc accepts -g
configure:3767: gcc -c -g  conftest.c >&5
configure:3767: $? = 0
configure:3808: result: yes
configure:3825: checking for gcc option to accept ISO C89
configure:3888: gcc  -c -g -O2  conftest.c >&5
configure:3888: $? = 0
configure:3901: result: none needed
configure:3926: checking whether gcc understands -c and -o together
configure:3948: gcc -c conftest.c -o conftest2.o
configure:3951: $? = 0
configure:3948: gcc -c conftest.c -o conftest2.o
configure:3951: $? = 0
configure:3963: result: yes
configure:3982: checking dependency style of gcc
configure:4093: result: gcc3
configure:4129: checking for pkg-config
configure:4147: found /usr/bin/pkg-config
configure:4159: result: /usr/bin/pkg-config
configure:4215: checking whether compiling and linking against OpenSSL works
Trying link with OPENSSL_LDFLAGS=; OPENSSL_LIBS=-lssl -lcrypto ; OPENSSL_INCLUDES=
configure:4237: gcc -o conftest -g -O2     conftest.c -lssl -lcrypto   >&5
configure:4237: $? = 0
configure:4239: result: yes
configure:4272: checking whether make supports nested variables
configure:4289: result: yes
configure:4363: checking for g++
configure:4379: found /usr/bin/g++
configure:4390: result: g++
configure:4417: checking for C++ compiler version
configure:4426: g++ --version >&5
g++ (Ubuntu 4.9.1-16ubuntu6) 4.9.1
Copyright (C) 2014 Free Software Foundation, Inc.
This is free software; see the source for copying conditions.  There is NO
warranty; not even for MERCHANTABILITY or FITNESS FOR A PARTICULAR PURPOSE.

configure:4437: $? = 0
configure:4426: g++ -v >&5
Using built-in specs.
COLLECT_GCC=g++
COLLECT_LTO_WRAPPER=/usr/lib/gcc/i686-linux-gnu/4.9/lto-wrapper
Target: i686-linux-gnu
Configured with: ../src/configure -v --with-pkgversion='Ubuntu 4.9.1-16ubuntu6' --with-bugurl=file:///usr/share/doc/gcc-4.9/README.Bugs --enable-languages=c,c++,java,go,d,fortran,objc,obj-c++ --prefix=/usr --program-suffix=-4.9 --enable-shared --enable-linker-build-id --libexecdir=/usr/lib --without-included-gettext --enable-threads=posix --with-gxx-include-dir=/usr/include/c++/4.9 --libdir=/usr/lib --enable-nls --with-sysroot=/ --enable-clocale=gnu --enable-libstdcxx-debug --enable-libstdcxx-time=yes --enable-gnu-unique-object --disable-vtable-verify --enable-plugin --with-system-zlib --disable-browser-plugin --enable-java-awt=gtk --enable-gtk-cairo --with-java-home=/usr/lib/jvm/java-1.5.0-gcj-4.9-i386/jre --enable-java-home --with-jvm-root-dir=/usr/lib/jvm/java-1.5.0-gcj-4.9-i386 --with-jvm-jar-dir=/usr/lib/jvm-exports/java-1.5.0-gcj-4.9-i386 --with-arch-directory=i386 --with-ecj-jar=/usr/share/java/eclipse-ecj.jar --enable-objc-gc --enable-targets=all --enable-multiarch --disable-werror --with-arch-32=i686 --with-multilib-list=m32,m64,mx32 --enable-multilib --with-tune=generic --enable-checking=release --build=i686-linux-gnu --host=i686-linux-gnu --target=i686-linux-gnu
Thread model: posix
gcc version 4.9.1 (Ubuntu 4.9.1-16ubuntu6) 
configure:4437: $? = 0
configure:4426: g++ -V >&5
g++: error: unrecognized command line option '-V'
g++: fatal error: no input files
compilation terminated.
configure:4437: $? = 4
configure:4426: g++ -qversion >&5
g++: error: unrecognized command line option '-qversion'
g++: fatal error: no input files
compilation terminated.
configure:4437: $? = 4
configure:4441: checking whether we are using the GNU C++ compiler
configure:4460: g++ -c -O2  conftest.cpp >&5
configure:4460: $? = 0
configure:4469: result: yes
configure:4478: checking whether g++ accepts -g
configure:4498: g++ -c -g  conftest.cpp >&5
configure:4498: $? = 0
configure:4539: result: yes
configure:4564: checking dependency style of g++
configure:4675: result: gcc3
configure:4692: checking whether NLS is requested
configure:4701: result: yes
configure:4729: checking for intltool-update
configure:4747: found /usr/bin/intltool-update
configure:4759: result: /usr/bin/intltool-update
configure:4769: checking for intltool-merge
configure:4787: found /usr/bin/intltool-merge
configure:4799: result: /usr/bin/intltool-merge
configure:4809: checking for intltool-extract
configure:4827: found /usr/bin/intltool-extract
configure:4839: result: /usr/bin/intltool-extract
configure:4993: checking for xgettext
configure:5011: found /usr/bin/xgettext
configure:5023: result: /usr/bin/xgettext
configure:5033: checking for msgmerge
configure:5051: found /usr/bin/msgmerge
configure:5063: result: /usr/bin/msgmerge
configure:5073: checking for msgfmt
configure:5091: found /usr/bin/msgfmt
configure:5103: result: /usr/bin/msgfmt
configure:5113: checking for gmsgfmt
configure:5144: result: /usr/bin/msgfmt
configure:5164: checking for perl
configure:5182: found /usr/bin/perl
configure:5194: result: /usr/bin/perl
configure:5205: checking for perl >= 5.8.1
configure:5212: result: 5.20.1
configure:5216: checking for XML::Parser
configure:5219: result: ok
configure:5244: gcc -o conftest -g -O2   conftest.c  >&5
configure:5244: $? = 0
configure:5283: checking how to run the C preprocessor
configure:5314: gcc -E  conftest.c
configure:5314: $? = 0
configure:5328: gcc -E  conftest.c
conftest.c:12:28: fatal error: ac_nonexistent.h: No such file or directory
 #include <ac_nonexistent.h>
                            ^
compilation terminated.
configure:5328: $? = 1
configure: failed program was:
| /* confdefs.h */
| #define PACKAGE_NAME "ikev2"
| #define PACKAGE_TARNAME "ikev2"
| #define PACKAGE_VERSION "1.0"
| #define PACKAGE_STRING "ikev2 1.0"
| #define PACKAGE_BUGREPORT ""
| #define PACKAGE_URL ""
| #define PACKAGE "ikev2"
| #define VERSION "1.0"
| #define GETTEXT_PACKAGE "ikev2"
| /* end confdefs.h.  */
| #include <ac_nonexistent.h>
configure:5353: result: gcc -E
configure:5373: gcc -E  conftest.c
configure:5373: $? = 0
configure:5387: gcc -E  conftest.c
conftest.c:12:28: fatal error: ac_nonexistent.h: No such file or directory
 #include <ac_nonexistent.h>
                            ^
compilation terminated.
configure:5387: $? = 1
configure: failed program was:
| /* confdefs.h */
| #define PACKAGE_NAME "ikev2"
| #define PACKAGE_TARNAME "ikev2"
| #define PACKAGE_VERSION "1.0"
| #define PACKAGE_STRING "ikev2 1.0"
| #define PACKAGE_BUGREPORT ""
| #define PACKAGE_URL ""
| #define PACKAGE "ikev2"
| #define VERSION "1.0"
| #define GETTEXT_PACKAGE "ikev2"
| /* end confdefs.h.  */
| #include <ac_nonexistent.h>
configure:5416: checking for grep that handles long lines and -e
configure:5474: result: /bin/grep
configure:5479: checking for egrep
configure:5541: result: /bin/grep -E
configure:5546: checking for ANSI C header files
configure:5566: gcc -c -g -O2  conftest.c >&5
configure:5566: $? = 0
configure:5639: gcc -o conftest -g -O2   conftest.c  >&5
configure:5639: $? = 0
configure:5639: ./conftest
configure:5639: $? = 0
configure:5650: result: yes
configure:5663: checking for sys/types.h
configure:5663: gcc -c -g -O2  conftest.c >&5
configure:5663: $? = 0
configure:5663: result: yes
configure:5663: checking for sys/stat.h
configure:5663: gcc -c -g -O2  conftest.c >&5
configure:5663: $? = 0
configure:5663: result: yes
configure:5663: checking for stdlib.h
configure:5663: gcc -c -g -O2  conftest.c >&5
configure:5663: $? = 0
configure:5663: result: yes
configure:5663: checking for string.h
configure:5663: gcc -c -g -O2  conftest.c >&5
configure:5663: $? = 0
configure:5663: result: yes
configure:5663: checking for memory.h
configure:5663: gcc -c -g -O2  conftest.c >&5
configure:5663: $? = 0
configure:5663: result: yes
configure:5663: checking for strings.h
configure:5663: gcc -c -g -O2  conftest.c >&5
configure:5663: $? = 0
configure:5663: result: yes
configure:5663: checking for inttypes.h
configure:5663: gcc -c -g -O2  conftest.c >&5
configure:5663: $? = 0
configure:5663: result: yes
configure:5663: checking for stdint.h
configure:5663: gcc -c -g -O2  conftest.c >&5
configure:5663: $? = 0
configure:5663: result: yes
configure:5663: checking for unistd.h
configure:5663: gcc -c -g -O2  conftest.c >&5
configure:5663: $? = 0
configure:5663: result: yes
configure:5678: checking locale.h usability
configure:5678: gcc -c -g -O2  conftest.c >&5
configure:5678: $? = 0
configure:5678: result: yes
configure:5678: checking locale.h presence
configure:5678: gcc -E  conftest.c
configure:5678: $? = 0
configure:5678: result: yes
configure:5678: checking for locale.h
configure:5678: result: yes
configure:5689: checking for LC_MESSAGES
configure:5705: gcc -o conftest -g -O2   conftest.c  >&5
configure:5705: $? = 0
configure:5713: result: yes
configure:5730: checking libintl.h usability
configure:5730: gcc -c -g -O2  conftest.c >&5
configure:5730: $? = 0
configure:5730: result: yes
configure:5730: checking libintl.h presence
configure:5730: gcc -E  conftest.c
configure:5730: $? = 0
configure:5730: result: yes
configure:5730: checking for libintl.h
configure:5730: result: yes
configure:5738: checking for ngettext in libc
configure:5756: gcc -o conftest -g -O2   conftest.c  >&5
configure:5756: $? = 0
configure:5765: result: yes
configure:5769: checking for dgettext in libc
configure:5787: gcc -o conftest -g -O2   conftest.c  >&5
configure:5787: $? = 0
configure:5796: result: yes
configure:5803: checking for bind_textdomain_codeset
configure:5803: gcc -o conftest -g -O2   conftest.c  >&5
configure:5803: $? = 0
configure:5803: result: yes
configure:6079: checking for msgfmt
configure:6106: result: /usr/bin/msgfmt
configure:6117: checking for dcgettext
configure:6117: gcc -o conftest -g -O2   conftest.c   >&5
conftest.c:49:6: warning: conflicting types for built-in function 'dcgettext'
 char dcgettext ();
      ^
configure:6117: $? = 0
configure:6117: result: yes
configure:6127: checking if msgfmt accepts -c
configure:6142: $MSGFMT -c -o /dev/null conftest.foo
conftest.foo:3: warning: header field 'Language' missing in header
configure:6145: $? = 0
configure:6147: result: yes
configure:6157: checking for gmsgfmt
configure:6188: result: /usr/bin/msgfmt
configure:6198: checking for xgettext
configure:6225: result: /usr/bin/xgettext
configure:6244: gcc -o conftest -g -O2   conftest.c   >&5
configure:6244: $? = 0
configure:6416: checking build system type
configure:6430: result: i686-pc-linux-gnu
configure:6450: checking host system type
configure:6463: result: i686-pc-linux-gnu
configure:6504: checking how to print strings
configure:6531: result: printf
configure:6552: checking for a sed that does not truncate output
configure:6616: result: /bin/sed
configure:6634: checking for fgrep
configure:6696: result: /bin/grep -F
configure:6731: checking for ld used by gcc
configure:6798: result: /usr/bin/ld
configure:6805: checking if the linker (/usr/bin/ld) is GNU ld
configure:6820: result: yes
configure:6832: checking for BSD- or MS-compatible name lister (nm)
configure:6881: result: /usr/bin/nm -B
configure:7011: checking the name lister (/usr/bin/nm -B) interface
configure:7018: gcc -c -g -O2  conftest.c >&5
configure:7021: /usr/bin/nm -B "conftest.o"
configure:7024: output
00000000 B some_variable
configure:7031: result: BSD nm
configure:7034: checking whether ln -s works
configure:7038: result: yes
configure:7046: checking the maximum length of command line arguments
configure:7177: result: 1572864
configure:7194: checking whether the shell understands some XSI constructs
configure:7204: result: yes
configure:7208: checking whether the shell understands "+="
configure:7214: result: yes
configure:7249: checking how to convert i686-pc-linux-gnu file names to i686-pc-linux-gnu format
configure:7289: result: func_convert_file_noop
configure:7296: checking how to convert i686-pc-linux-gnu file names to toolchain format
configure:7316: result: func_convert_file_noop
configure:7323: checking for /usr/bin/ld option to reload object files
configure:7330: result: -r
configure:7404: checking for objdump
configure:7420: found /usr/bin/objdump
configure:7431: result: objdump
configure:7463: checking how to recognize dependent libraries
configure:7661: result: pass_all
configure:7746: checking for dlltool
configure:7776: result: no
configure:7806: checking how to associate runtime and link libraries
configure:7833: result: printf %s\n
configure:7893: checking for ar
configure:7909: found /usr/bin/ar
configure:7920: result: ar
configure:7957: checking for archiver @FILE support
configure:7974: gcc -c -g -O2  conftest.c >&5
configure:7974: $? = 0
configure:7977: ar cru libconftest.a @conftest.lst >&5
configure:7980: $? = 0
configure:7985: ar cru libconftest.a @conftest.lst >&5
ar: conftest.o: No such file or directory
configure:7988: $? = 1
configure:8000: result: @
configure:8058: checking for strip
configure:8074: found /usr/bin/strip
configure:8085: result: strip
configure:8157: checking for ranlib
configure:8173: found /usr/bin/ranlib
configure:8184: result: ranlib
configure:8286: checking command to parse /usr/bin/nm -B output from gcc object
configure:8406: gcc -c -g -O2  conftest.c >&5
configure:8409: $? = 0
configure:8413: /usr/bin/nm -B conftest.o \| sed -n -e 's/^.*[ ]\([ABCDGIRSTW][ABCDGIRSTW]*\)[ ][ ]*\([_A-Za-z][_A-Za-z0-9]*\)$/\1 \2 \2/p' | sed '/ __gnu_lto/d' \> conftest.nm
configure:8416: $? = 0
configure:8482: gcc -o conftest -g -O2   conftest.c conftstm.o >&5
configure:8485: $? = 0
configure:8523: result: ok
configure:8560: checking for sysroot
configure:8590: result: no
configure:8859: checking for mt
configure:8875: found /bin/mt
configure:8886: result: mt
configure:8909: checking if mt is a manifest tool
configure:8915: mt '-?'
configure:8923: result: no
configure:9562: checking for dlfcn.h
configure:9562: gcc -c -g -O2  conftest.c >&5
configure:9562: $? = 0
configure:9562: result: yes
configure:9779: checking for objdir
configure:9794: result: .libs
configure:10065: checking if gcc supports -fno-rtti -fno-exceptions
configure:10083: gcc -c -g -O2  -fno-rtti -fno-exceptions conftest.c >&5
cc1: warning: command line option '-fno-rtti' is valid for C++/ObjC++ but not for C
configure:10087: $? = 0
configure:10100: result: no
configure:10427: checking for gcc option to produce PIC
configure:10434: result: -fPIC -DPIC
configure:10442: checking if gcc PIC flag -fPIC -DPIC works
configure:10460: gcc -c -g -O2  -fPIC -DPIC -DPIC conftest.c >&5
configure:10464: $? = 0
configure:10477: result: yes
configure:10506: checking if gcc static flag -static works
configure:10534: result: yes
configure:10549: checking if gcc supports -c -o file.o
configure:10570: gcc -c -g -O2  -o out/conftest2.o conftest.c >&5
configure:10574: $? = 0
configure:10596: result: yes
configure:10604: checking if gcc supports -c -o file.o
configure:10651: result: yes
configure:10684: checking whether the gcc linker (/usr/bin/ld) supports shared libraries
configure:11841: result: yes
configure:11878: checking whether -lc should be explicitly linked in
configure:11886: gcc -c -g -O2  conftest.c >&5
configure:11889: $? = 0
configure:11904: gcc -shared  -fPIC -DPIC conftest.o  -v -Wl,-soname -Wl,conftest -o conftest 2\>\&1 \| /bin/grep  -lc  \>/dev/null 2\>\&1
configure:11907: $? = 0
configure:11921: result: no
configure:12081: checking dynamic linker characteristics
configure:12581: gcc -o conftest -g -O2   -Wl,-rpath -Wl,/foo conftest.c  >&5
configure:12581: $? = 0
configure:12815: result: GNU/Linux ld.so
configure:12922: checking how to hardcode library paths into programs
configure:12947: result: immediate
configure:13487: checking whether stripping libraries is possible
configure:13492: result: yes
configure:13527: checking if libtool supports shared libraries
configure:13529: result: yes
configure:13532: checking whether to build shared libraries
configure:13553: result: yes
configure:13556: checking whether to build static libraries
configure:13560: result: yes
configure:13583: checking how to run the C++ preprocessor
configure:13610: g++ -E  conftest.cpp
configure:13610: $? = 0
configure:13624: g++ -E  conftest.cpp
conftest.cpp:30:28: fatal error: ac_nonexistent.h: No such file or directory
 #include <ac_nonexistent.h>
                            ^
compilation terminated.
configure:13624: $? = 1
configure: failed program was:
| /* confdefs.h */
| #define PACKAGE_NAME "ikev2"
| #define PACKAGE_TARNAME "ikev2"
| #define PACKAGE_VERSION "1.0"
| #define PACKAGE_STRING "ikev2 1.0"
| #define PACKAGE_BUGREPORT ""
| #define PACKAGE_URL ""
| #define PACKAGE "ikev2"
| #define VERSION "1.0"
| #define GETTEXT_PACKAGE "ikev2"
| #define STDC_HEADERS 1
| #define HAVE_SYS_TYPES_H 1
| #define HAVE_SYS_STAT_H 1
| #define HAVE_STDLIB_H 1
| #define HAVE_STRING_H 1
| #define HAVE_MEMORY_H 1
| #define HAVE_STRINGS_H 1
| #define HAVE_INTTYPES_H 1
| #define HAVE_STDINT_H 1
| #define HAVE_UNISTD_H 1
| #define HAVE_LOCALE_H 1
| #define HAVE_LC_MESSAGES 1
| #define HAVE_BIND_TEXTDOMAIN_CODESET 1
| #define HAVE_GETTEXT 1
| #define HAVE_DCGETTEXT 1
| #define ENABLE_NLS 1
| #define HAVE_DLFCN_H 1
| #define LT_OBJDIR ".libs/"
| /* end confdefs.h.  */
| #include <ac_nonexistent.h>
configure:13649: result: g++ -E
configure:13669: g++ -E  conftest.cpp
configure:13669: $? = 0
configure:13683: g++ -E  conftest.cpp
conftest.cpp:30:28: fatal error: ac_nonexistent.h: No such file or directory
 #include <ac_nonexistent.h>
                            ^
compilation terminated.
configure:13683: $? = 1
configure: failed program was:
| /* confdefs.h */
| #define PACKAGE_NAME "ikev2"
| #define PACKAGE_TARNAME "ikev2"
| #define PACKAGE_VERSION "1.0"
| #define PACKAGE_STRING "ikev2 1.0"
| #define PACKAGE_BUGREPORT ""
| #define PACKAGE_URL ""
| #define PACKAGE "ikev2"
| #define VERSION "1.0"
| #define GETTEXT_PACKAGE "ikev2"
| #define STDC_HEADERS 1
| #define HAVE_SYS_TYPES_H 1
| #define HAVE_SYS_STAT_H 1
| #define HAVE_STDLIB_H 1
| #define HAVE_STRING_H 1
| #define HAVE_MEMORY_H 1
| #define HAVE_STRINGS_H 1
| #define HAVE_INTTYPES_H 1
| #define HAVE_STDINT_H 1
| #define HAVE_UNISTD_H 1
| #define HAVE_LOCALE_H 1
| #define HAVE_LC_MESSAGES 1
| #define HAVE_BIND_TEXTDOMAIN_CODESET 1
| #define HAVE_GETTEXT 1
| #define HAVE_DCGETTEXT 1
| #define ENABLE_NLS 1
| #define HAVE_DLFCN_H 1
| #define LT_OBJDIR ".libs/"
| /* end confdefs.h.  */
| #include <ac_nonexistent.h>
configure:13852: checking for ld used by g++
configure:13919: result: /usr/bin/ld
configure:13926: checking if the linker (/usr/bin/ld) is GNU ld
configure:13941: result: yes
configure:13996: checking whether the g++ linker (/usr/bin/ld) supports shared libraries
configure:14998: result: yes
configure:15034: g++ -c -O2  conftest.cpp >&5
configure:15037: $? = 0
configure:15557: checking for g++ option to produce PIC
configure:15564: result: -fPIC -DPIC
configure:15572: checking if g++ PIC flag -fPIC -DPIC works
configure:15590: g++ -c -O2  -fPIC -DPIC -DPIC conftest.cpp >&5
configure:15594: $? = 0
configure:15607: result: yes
configure:15630: checking if g++ static flag -static works
configure:15658: result: yes
configure:15670: checking if g++ supports -c -o file.o
configure:15691: g++ -c -O2  -o out/conftest2.o conftest.cpp >&5
configure:15695: $? = 0
configure:15717: result: yes
configure:15722: checking if g++ supports -c -o file.o
configure:15769: result: yes
configure:15799: checking whether the g++ linker (/usr/bin/ld) supports shared libraries
configure:15838: result: yes
configure:15979: checking dynamic linker characteristics
configure:16647: result: GNU/Linux ld.so
configure:16700: checking how to hardcode library paths into programs
configure:16725: result: immediate
configure:16957: checking that generated files are newer than configure
configure:16963: result: done
configure:17002: creating ./config.status

## ---------------- ##
## Cache variables. ##
## ---------------- ##

ac_cv_build=i686-pc-linux-gnu
ac_cv_c_compiler_gnu=yes
ac_cv_cxx_compiler_gnu=yes
ac_cv_env_CCC_set=
ac_cv_env_CCC_value=
ac_cv_env_CC_set=
ac_cv_env_CC_value=
ac_cv_env_CFLAGS_set=
ac_cv_env_CFLAGS_value=
ac_cv_env_CPPFLAGS_set=
ac_cv_env_CPPFLAGS_value=
ac_cv_env_CPP_set=
ac_cv_env_CPP_value=
ac_cv_env_CXXCPP_set=
ac_cv_env_CXXCPP_value=
ac_cv_env_CXXFLAGS_set=
ac_cv_env_CXXFLAGS_value=
ac_cv_env_CXX_set=
ac_cv_env_CXX_value=
ac_cv_env_LDFLAGS_set=
ac_cv_env_LDFLAGS_value=
ac_cv_env_LIBS_set=
ac_cv_env_LIBS_value=
ac_cv_env_build_alias_set=
ac_cv_env_build_alias_value=
ac_cv_env_host_alias_set=
ac_cv_env_host_alias_value=
ac_cv_env_target_alias_set=
ac_cv_env_target_alias_value=
ac_cv_func_bind_textdomain_codeset=yes
ac_cv_func_dcgettext=yes
ac_cv_header_dlfcn_h=yes
ac_cv_header_inttypes_h=yes
ac_cv_header_libintl_h=yes
ac_cv_header_locale_h=yes
ac_cv_header_memory_h=yes
ac_cv_header_stdc=yes
ac_cv_header_stdint_h=yes
ac_cv_header_stdlib_h=yes
ac_cv_header_string_h=yes
ac_cv_header_strings_h=yes
ac_cv_header_sys_stat_h=yes
ac_cv_header_sys_types_h=yes
ac_cv_header_unistd_h=yes
ac_cv_host=i686-pc-linux-gnu
ac_cv_objext=o
ac_cv_path_EGREP='/bin/grep -E'
ac_cv_path_FGREP='/bin/grep -F'
ac_cv_path_GMSGFMT=/usr/bin/msgfmt
ac_cv_path_GREP=/bin/grep
ac_cv_path_INTLTOOL_EXTRACT=/usr/bin/intltool-extract
ac_cv_path_INTLTOOL_MERGE=/usr/bin/intltool-merge
ac_cv_path_INTLTOOL_PERL=/usr/bin/perl
ac_cv_path_INTLTOOL_UPDATE=/usr/bin/intltool-update
ac_cv_path_MSGFMT=/usr/bin/msgfmt
ac_cv_path_MSGMERGE=/usr/bin/msgmerge
ac_cv_path_PKG_CONFIG=/usr/bin/pkg-config
ac_cv_path_SED=/bin/sed
ac_cv_path_XGETTEXT=/usr/bin/xgettext
ac_cv_path_install='/usr/bin/install -c'
ac_cv_path_mkdir=/bin/mkdir
ac_cv_prog_AWK=gawk
ac_cv_prog_CPP='gcc -E'
ac_cv_prog_CXXCPP='g++ -E'
ac_cv_prog_ac_ct_AR=ar
ac_cv_prog_ac_ct_CC=gcc
ac_cv_prog_ac_ct_CXX=g++
ac_cv_prog_ac_ct_MANIFEST_TOOL=mt
ac_cv_prog_ac_ct_OBJDUMP=objdump
ac_cv_prog_ac_ct_RANLIB=ranlib
ac_cv_prog_ac_ct_STRIP=strip
ac_cv_prog_cc_c89=
ac_cv_prog_cc_g=yes
ac_cv_prog_cxx_g=yes
ac_cv_prog_make_make_set=yes
am_cv_CC_dependencies_compiler_type=gcc3
am_cv_CXX_dependencies_compiler_type=gcc3
am_cv_make_support_nested_variables=yes
am_cv_prog_cc_c_o=yes
am_cv_val_LC_MESSAGES=yes
gt_cv_func_dgettext_libc=yes
gt_cv_func_dgettext_libintl=no
gt_cv_func_ngettext_libc=yes
gt_cv_have_gettext=yes
lt_cv_ar_at_file=@
lt_cv_archive_cmds_need_lc=no
lt_cv_deplibs_check_method=pass_all
lt_cv_file_magic_cmd='$MAGIC_CMD'
lt_cv_file_magic_test_file=
lt_cv_ld_reload_flag=-r
lt_cv_nm_interface='BSD nm'
lt_cv_objdir=.libs
lt_cv_path_LD=/usr/bin/ld
lt_cv_path_LDCXX=/usr/bin/ld
lt_cv_path_NM='/usr/bin/nm -B'
lt_cv_path_mainfest_tool=no
lt_cv_prog_compiler_c_o=yes
lt_cv_prog_compiler_c_o_CXX=yes
lt_cv_prog_compiler_pic='-fPIC -DPIC'
lt_cv_prog_compiler_pic_CXX='-fPIC -DPIC'
lt_cv_prog_compiler_pic_works=yes
lt_cv_prog_compiler_pic_works_CXX=yes
lt_cv_prog_compiler_rtti_exceptions=no
lt_cv_prog_compiler_static_works=yes
lt_cv_prog_compiler_static_works_CXX=yes
lt_cv_prog_gnu_ld=yes
lt_cv_prog_gnu_ldcxx=yes
lt_cv_sharedlib_from_linklib_cmd='printf %s\n'
lt_cv_shlibpath_overrides_runpath=no
lt_cv_sys_global_symbol_pipe='sed -n -e '\''s/^.*[	 ]\([ABCDGIRSTW][ABCDGIRSTW]*\)[	 ][	 ]*\([_A-Za-z][_A-Za-z0-9]*\)$/\1 \2 \2/p'\'' | sed '\''/ __gnu_lto/d'\'''
lt_cv_sys_global_symbol_to_c_name_address='sed -n -e '\''s/^: \([^ ]*\)[ ]*$/  {\"\1\", (void *) 0},/p'\'' -e '\''s/^[ABCDGIRSTW]* \([^ ]*\) \([^ ]*\)$/  {"\2", (void *) \&\2},/p'\'''
lt_cv_sys_global_symbol_to_c_name_address_lib_prefix='sed -n -e '\''s/^: \([^ ]*\)[ ]*$/  {\"\1\", (void *) 0},/p'\'' -e '\''s/^[ABCDGIRSTW]* \([^ ]*\) \(lib[^ ]*\)$/  {"\2", (void *) \&\2},/p'\'' -e '\''s/^[ABCDGIRSTW]* \([^ ]*\) \([^ ]*\)$/  {"lib\2", (void *) \&\2},/p'\'''
lt_cv_sys_global_symbol_to_cdecl='sed -n -e '\''s/^T .* \(.*\)$/extern int \1();/p'\'' -e '\''s/^[ABCDGIRSTW]* .* \(.*\)$/extern char \1;/p'\'''
lt_cv_sys_max_cmd_len=1572864
lt_cv_to_host_file_cmd=func_convert_file_noop
lt_cv_to_tool_file_cmd=func_convert_file_noop

## ----------------- ##
## Output variables. ##
## ----------------- ##

ACLOCAL='${SHELL} /home/m1016632/ikev2/missing aclocal-1.14'
ALL_LINGUAS=''
AMDEPBACKSLASH='\'
AMDEP_FALSE='#'
AMDEP_TRUE=''
AMTAR='$${TAR-tar}'
AM_BACKSLASH='\'
AM_CXXFLAGS='-std=c++11'
AM_DEFAULT_V='$(AM_DEFAULT_VERBOSITY)'
AM_DEFAULT_VERBOSITY='1'
AM_V='$(V)'
AR='ar'
AUTOCONF='${SHELL} /home/m1016632/ikev2/missing autoconf'
AUTOHEADER='${SHELL} /home/m1016632/ikev2/missing autoheader'
AUTOMAKE='${SHELL} /home/m1016632/ikev2/missing automake-1.14'
AWK='gawk'
CATALOGS=''
CATOBJEXT='.gmo'
CC='gcc'
CCDEPMODE='depmode=gcc3'
CFLAGS='-g -O2'
CPP='gcc -E'
CPPFLAGS=''
CXX='g++'
CXXCPP='g++ -E'
CXXDEPMODE='depmode=gcc3'
CXXFLAGS='-O2'
CYGPATH_W='echo'
DATADIRNAME='share'
DEFS='-DHAVE_CONFIG_H'
DEPDIR='.deps'
DLLTOOL='false'
DSYMUTIL=''
DUMPBIN=''
ECHO_C=''
ECHO_N='-n'
ECHO_T=''
EGREP='/bin/grep -E'
EXEEXT=''
FGREP='/bin/grep -F'
GETTEXT_PACKAGE='ikev2'
GMOFILES=''
GMSGFMT='/usr/bin/msgfmt'
GREP='/bin/grep'
IKEV2_DBG_FALSE=''
IKEV2_DBG_TRUE='#'
IKEV2_GCOV_FALSE=''
IKEV2_GCOV_TRUE='#'
INSTALL_DATA='${INSTALL} -m 644'
INSTALL_PROGRAM='${INSTALL}'
INSTALL_SCRIPT='${INSTALL}'
INSTALL_STRIP_PROGRAM='$(install_sh) -c -s'
INSTOBJEXT='.mo'
INTLLIBS=''
INTLTOOL_CAVES_RULE='%.caves:     %.caves.in     $(INTLTOOL_MERGE) $(wildcard $(top_srcdir)/po/*.po) ; $(INTLTOOL_V_MERGE)LC_ALL=C $(INTLTOOL_MERGE) $(INTLTOOL_V_MERGE_OPTIONS) -d -u -c $(top_builddir)/po/.intltool-merge-cache $(top_srcdir)/po $< $@'
INTLTOOL_DESKTOP_RULE='%.desktop:   %.desktop.in   $(INTLTOOL_MERGE) $(wildcard $(top_srcdir)/po/*.po) ; $(INTLTOOL_V_MERGE)LC_ALL=C $(INTLTOOL_MERGE) $(INTLTOOL_V_MERGE_OPTIONS) -d -u -c $(top_builddir)/po/.intltool-merge-cache $(top_srcdir)/po $< $@'
INTLTOOL_DIRECTORY_RULE='%.directory: %.directory.in $(INTLTOOL_MERGE) $(wildcard $(top_srcdir)/po/*.po) ; $(INTLTOOL_V_MERGE)LC_ALL=C $(INTLTOOL_MERGE) $(INTLTOOL_V_MERGE_OPTIONS) -d -u -c $(top_builddir)/po/.intltool-merge-cache $(top_srcdir)/po $< $@'
INTLTOOL_EXTRACT='/usr/bin/intltool-extract'
INTLTOOL_KBD_RULE='%.kbd:       %.kbd.in       $(INTLTOOL_MERGE) $(wildcard $(top_srcdir)/po/*.po) ; $(INTLTOOL_V_MERGE)LC_ALL=C $(INTLTOOL_MERGE) $(INTLTOOL_V_MERGE_OPTIONS) -x -u -m -c $(top_builddir)/po/.intltool-merge-cache $(top_srcdir)/po $< $@'
INTLTOOL_KEYS_RULE='%.keys:      %.keys.in      $(INTLTOOL_MERGE) $(wildcard $(top_srcdir)/po/*.po) ; $(INTLTOOL_V_MERGE)LC_ALL=C $(INTLTOOL_MERGE) $(INTLTOOL_V_MERGE_OPTIONS) -k -u -c $(top_builddir)/po/.intltool-merge-cache $(top_srcdir)/po $< $@'
INTLTOOL_MERGE='/usr/bin/intltool-merge'
INTLTOOL_OAF_RULE='%.oaf:       %.oaf.in       $(INTLTOOL_MERGE) $(wildcard $(top_srcdir)/po/*.po) ; $(INTLTOOL_V_MERGE)LC_ALL=C $(INTLTOOL_MERGE) $(INTLTOOL_V_MERGE_OPTIONS) -o -p $(top_srcdir)/po $< $@'
INTLTOOL_PERL='/usr/bin/perl'
INTLTOOL_POLICY_RULE='%.policy:    %.policy.in    $(INTLTOOL_MERGE) $(wildcard $(top_srcdir)/po/*.po) ; $(INTLTOOL_V_MERGE)LC_ALL=C $(INTLTOOL_MERGE) $(INTLTOOL_V_MERGE_OPTIONS) -x -u -c $(top_builddir)/po/.intltool-merge-cache $(top_srcdir)/po $< $@'
INTLTOOL_PONG_RULE='%.pong:      %.pong.in      $(INTLTOOL_MERGE) $(wildcard $(top_srcdir)/po/*.po) ; $(INTLTOOL_V_MERGE)LC_ALL=C $(INTLTOOL_MERGE) $(INTLTOOL_V_MERGE_OPTIONS) -x -u -c $(top_builddir)/po/.intltool-merge-cache $(top_srcdir)/po $< $@'
INTLTOOL_PROP_RULE='%.prop:      %.prop.in      $(INTLTOOL_MERGE) $(wildcard $(top_srcdir)/po/*.po) ; $(INTLTOOL_V_MERGE)LC_ALL=C $(INTLTOOL_MERGE) $(INTLTOOL_V_MERGE_OPTIONS) -d -u -c $(top_builddir)/po/.intltool-merge-cache $(top_srcdir)/po $< $@'
INTLTOOL_SCHEMAS_RULE='%.schemas:   %.schemas.in   $(INTLTOOL_MERGE) $(wildcard $(top_srcdir)/po/*.po) ; $(INTLTOOL_V_MERGE)LC_ALL=C $(INTLTOOL_MERGE) $(INTLTOOL_V_MERGE_OPTIONS) -s -u -c $(top_builddir)/po/.intltool-merge-cache $(top_srcdir)/po $< $@'
INTLTOOL_SERVER_RULE='%.server:    %.server.in    $(INTLTOOL_MERGE) $(wildcard $(top_srcdir)/po/*.po) ; $(INTLTOOL_V_MERGE)LC_ALL=C $(INTLTOOL_MERGE) $(INTLTOOL_V_MERGE_OPTIONS) -o -u -c $(top_builddir)/po/.intltool-merge-cache $(top_srcdir)/po $< $@'
INTLTOOL_SERVICE_RULE='%.service: %.service.in   $(INTLTOOL_MERGE) $(wildcard $(top_srcdir)/po/*.po) ; $(INTLTOOL_V_MERGE)LC_ALL=C $(INTLTOOL_MERGE) $(INTLTOOL_V_MERGE_OPTIONS) -d -u -c $(top_builddir)/po/.intltool-merge-cache $(top_srcdir)/po $< $@'
INTLTOOL_SHEET_RULE='%.sheet:     %.sheet.in     $(INTLTOOL_MERGE) $(wildcard $(top_srcdir)/po/*.po) ; $(INTLTOOL_V_MERGE)LC_ALL=C $(INTLTOOL_MERGE) $(INTLTOOL_V_MERGE_OPTIONS) -x -u -c $(top_builddir)/po/.intltool-merge-cache $(top_srcdir)/po $< $@'
INTLTOOL_SOUNDLIST_RULE='%.soundlist: %.soundlist.in $(INTLTOOL_MERGE) $(wildcard $(top_srcdir)/po/*.po) ; $(INTLTOOL_V_MERGE)LC_ALL=C $(INTLTOOL_MERGE) $(INTLTOOL_V_MERGE_OPTIONS) -d -u -c $(top_builddir)/po/.intltool-merge-cache $(top_srcdir)/po $< $@'
INTLTOOL_THEME_RULE='%.theme:     %.theme.in     $(INTLTOOL_MERGE) $(wildcard $(top_srcdir)/po/*.po) ; $(INTLTOOL_V_MERGE)LC_ALL=C $(INTLTOOL_MERGE) $(INTLTOOL_V_MERGE_OPTIONS) -d -u -c $(top_builddir)/po/.intltool-merge-cache $(top_srcdir)/po $< $@'
INTLTOOL_UI_RULE='%.ui:        %.ui.in        $(INTLTOOL_MERGE) $(wildcard $(top_srcdir)/po/*.po) ; $(INTLTOOL_V_MERGE)LC_ALL=C $(INTLTOOL_MERGE) $(INTLTOOL_V_MERGE_OPTIONS) -x -u -c $(top_builddir)/po/.intltool-merge-cache $(top_srcdir)/po $< $@'
INTLTOOL_UPDATE='/usr/bin/intltool-update'
INTLTOOL_V_MERGE='$(INTLTOOL__v_MERGE_$(V))'
INTLTOOL_V_MERGE_OPTIONS='$(intltool__v_merge_options_$(V))'
INTLTOOL_XAM_RULE='%.xam:       %.xml.in       $(INTLTOOL_MERGE) $(wildcard $(top_srcdir)/po/*.po) ; $(INTLTOOL_V_MERGE)LC_ALL=C $(INTLTOOL_MERGE) $(INTLTOOL_V_MERGE_OPTIONS) -x -u -c $(top_builddir)/po/.intltool-merge-cache $(top_srcdir)/po $< $@'
INTLTOOL_XML_NOMERGE_RULE='%.xml:       %.xml.in       $(INTLTOOL_MERGE) ; $(INTLTOOL_V_MERGE)LC_ALL=C $(INTLTOOL_MERGE) $(INTLTOOL_V_MERGE_OPTIONS) -x -u --no-translations $< $@'
INTLTOOL_XML_RULE='%.xml:       %.xml.in       $(INTLTOOL_MERGE) $(wildcard $(top_srcdir)/po/*.po) ; $(INTLTOOL_V_MERGE)LC_ALL=C $(INTLTOOL_MERGE) $(INTLTOOL_V_MERGE_OPTIONS) -x -u -c $(top_builddir)/po/.intltool-merge-cache $(top_srcdir)/po $< $@'
INTLTOOL__v_MERGE_0='@echo "  ITMRG " $@;'
INTLTOOL__v_MERGE_='$(INTLTOOL__v_MERGE_$(AM_DEFAULT_VERBOSITY))'
LD='/usr/bin/ld'
LDFLAGS=''
LIBOBJS=''
LIBS=''
LIBTOOL='$(SHELL) $(top_builddir)/libtool'
LIPO=''
LN_S='ln -s'
LTLIBOBJS=''
MAKEINFO='${SHELL} /home/m1016632/ikev2/missing makeinfo'
MANIFEST_TOOL=':'
MKDIR_P='/bin/mkdir -p'
MKINSTALLDIRS='./mkinstalldirs'
MSGFMT='/usr/bin/msgfmt'
MSGFMT_OPTS='-c'
MSGMERGE='/usr/bin/msgmerge'
NM='/usr/bin/nm -B'
NMEDIT=''
OBJDUMP='objdump'
OBJEXT='o'
OPENSSL_INCLUDES=''
OPENSSL_LDFLAGS=''
OPENSSL_LIBS='-lssl -lcrypto '
OTOOL64=''
OTOOL=''
PACKAGE='ikev2'
PACKAGE_BUGREPORT=''
PACKAGE_NAME='ikev2'
PACKAGE_STRING='ikev2 1.0'
PACKAGE_TARNAME='ikev2'
PACKAGE_URL=''
PACKAGE_VERSION='1.0'
PATH_SEPARATOR=':'
PKG_CONFIG='/usr/bin/pkg-config'
POFILES=''
POSUB='po'
PO_IN_DATADIR_FALSE=''
PO_IN_DATADIR_TRUE=''
RANLIB='ranlib'
SED='/bin/sed'
SET_MAKE=''
SHELL='/bin/bash'
STRIP='strip'
USE_NLS='yes'
VERSION='1.0'
XGETTEXT='/usr/bin/xgettext'
ac_ct_AR='ar'
ac_ct_CC='gcc'
ac_ct_CXX='g++'
ac_ct_DUMPBIN=''
am__EXEEXT_FALSE=''
am__EXEEXT_TRUE='#'
am__fastdepCC_FALSE='#'
am__fastdepCC_TRUE=''
am__fastdepCXX_FALSE='#'
am__fastdepCXX_TRUE=''
am__include='include'
am__isrc=''
am__leading_dot='.'
am__nodep='_no'
am__quote=''
am__tar='$${TAR-tar} chof - "$$tardir"'
am__untar='$${TAR-tar} xf -'
bindir='${exec_prefix}/bin'
build='i686-pc-linux-gnu'
build_alias=''
build_cpu='i686'
build_os='linux-gnu'
build_vendor='pc'
datadir='${datarootdir}'
datarootdir='${prefix}/share'
docdir='${datarootdir}/doc/${PACKAGE_TARNAME}'
dvidir='${docdir}'
exec_prefix='${prefix}'
host='i686-pc-linux-gnu'
host_alias=''
host_cpu='i686'
host_os='linux-gnu'
host_vendor='pc'
htmldir='${docdir}'
includedir='${prefix}/include'
infodir='${datarootdir}/info'
install_sh='${SHELL} /home/m1016632/ikev2/install-sh'
intltool__v_merge_options_0='-q'
intltool__v_merge_options_='$(intltool__v_merge_options_$(AM_DEFAULT_VERBOSITY))'
libdir='${exec_prefix}/lib'
libexecdir='${exec_prefix}/libexec'
localedir='${datarootdir}/locale'
localstatedir='${prefix}/var'
mandir='${datarootdir}/man'
mkdir_p='$(MKDIR_P)'
oldincludedir='/usr/include'
pdfdir='${docdir}'
prefix='/usr/local'
program_transform_name='s,x,x,'
psdir='${docdir}'
sbindir='${exec_prefix}/sbin'
sharedstatedir='${prefix}/com'
sysconfdir='${prefix}/etc'
target_alias=''

## ----------- ##
## confdefs.h. ##
## ----------- ##

/* confdefs.h */
#define PACKAGE_NAME "ikev2"
#define PACKAGE_TARNAME "ikev2"
#define PACKAGE_VERSION "1.0"
#define PACKAGE_STRING "ikev2 1.0"
#define PACKAGE_BUGREPORT ""
#define PACKAGE_URL ""
#define PACKAGE "ikev2"
#define VERSION "1.0"
#define GETTEXT_PACKAGE "ikev2"
#define STDC_HEADERS 1
#define HAVE_SYS_TYPES_H 1
#define HAVE_SYS_STAT_H 1
#define HAVE_STDLIB_H 1
#define HAVE_STRING_H 1
#define HAVE_MEMORY_H 1
#define HAVE_STRINGS_H 1
#define HAVE_INTTYPES_H 1
#define HAVE_STDINT_H 1
#define HAVE_UNISTD_H 1
#define HAVE_LOCALE_H 1
#define HAVE_LC_MESSAGES 1
#define HAVE_BIND_TEXTDOMAIN_CODESET 1
#define HAVE_GETTEXT 1
#define HAVE_DCGETTEXT 1
#define ENABLE_NLS 1
#define HAVE_DLFCN_H 1
#define LT_OBJDIR ".libs/"
#define IKEV2_DBG 0
#define IKEV2_GCOV 0

configure: exit 0

## ---------------------- ##
## Running config.status. ##
## ---------------------- ##

This file was extended by ikev2 config.status 1.0, which was
generated by GNU Autoconf 2.69.  Invocation command line was

  CONFIG_FILES    = 
  CONFIG_HEADERS  = 
  CONFIG_LINKS    = 
  CONFIG_COMMANDS = 
  $ ./config.status 

on A2ML04601L

config.status:1234: creating Makefile
config.status:1234: creating src/Makefile
config.status:1234: creating test/Makefile
config.status:1234: creating po/Makefile.in
config.status:1234: creating config.h
config.status:1415: config.h is unchanged
config.status:1463: executing depfiles commands
config.status:1463: executing default-1 commands
config.status:1463: executing libtool commands
config.status:1463: executing po/stamp-it commands

## ---------------------- ##
## Running config.status. ##
## ---------------------- ##

This file was extended by ikev2 config.status 1.0, which was
generated by GNU Autoconf 2.69.  Invocation command line was

  CONFIG_FILES    = 
  CONFIG_HEADERS  = 
  CONFIG_LINKS    = 
  CONFIG_COMMANDS = 
  $ ./config.status config.h

on A2ML04601L

config.status:1234: creating config.h
config.status:1415: config.h is unchanged
