This file contains any messages produced by compilers while
running configure, to aid debugging if configure makes a mistake.

It was created by ikev2 configure 1.0, which was
generated by GNU Autoconf 2.69.  Invocation command line was

  $ /home/m1016632/ikev2/configure --enable-maintainer-mode CFLAGS=-O2 CXXFLAGS=-O2 JFLAGS=-O2 FFLAGS=-O2

## --------- ##
## Platform. ##
## --------- ##

hostname = A2ML04601L
uname -m = i686
uname -r = 3.13.0-24-generic
uname -s = Linux
uname -v = #46-Ubuntu SMP Thu Apr 10 19:08:14 UTC 2014

/usr/bin/uname -p = unknown
/bin/uname -X     = unknown

/bin/arch              = unknown
/usr/bin/arch -k       = unknown
/usr/convex/getsysinfo = unknown
/usr/bin/hostinfo      = unknown
/bin/machine           = unknown
/usr/bin/oslevel       = unknown
/bin/universe          = unknown

PATH: /usr/local/sbin
PATH: /usr/local/bin
PATH: /usr/sbin
PATH: /usr/bin
PATH: /sbin
PATH: /bin
PATH: /usr/games
PATH: /usr/local/games


## ----------- ##
## Core tests. ##
## ----------- ##

configure:2432: checking for a BSD-compatible install
configure:2500: result: /usr/bin/install -c
configure:2511: checking whether build environment is sane
configure:2566: result: yes
configure:2717: checking for a thread-safe mkdir -p
configure:2756: result: /bin/mkdir -p
configure:2763: checking for gawk
configure:2779: found /usr/bin/gawk
configure:2790: result: gawk
configure:2801: checking whether make sets $(MAKE)
configure:2823: result: yes
configure:2852: checking whether make supports nested variables
configure:2869: result: yes
configure:3006: checking whether make supports nested variables
configure:3023: result: yes
configure:3093: checking for g++
configure:3109: found /usr/bin/g++
configure:3120: result: g++
configure:3147: checking for C++ compiler version
configure:3156: g++ --version >&5
g++ (Ubuntu 4.8.2-19ubuntu1) 4.8.2
Copyright (C) 2013 Free Software Foundation, Inc.
This is free software; see the source for copying conditions.  There is NO
warranty; not even for MERCHANTABILITY or FITNESS FOR A PARTICULAR PURPOSE.

configure:3167: $? = 0
configure:3156: g++ -v >&5
Using built-in specs.
COLLECT_GCC=g++
COLLECT_LTO_WRAPPER=/usr/lib/gcc/i686-linux-gnu/4.8/lto-wrapper
Target: i686-linux-gnu
Configured with: ../src/configure -v --with-pkgversion='Ubuntu 4.8.2-19ubuntu1' --with-bugurl=file:///usr/share/doc/gcc-4.8/README.Bugs --enable-languages=c,c++,java,go,d,fortran,objc,obj-c++ --prefix=/usr --program-suffix=-4.8 --enable-shared --enable-linker-build-id --libexecdir=/usr/lib --without-included-gettext --enable-threads=posix --with-gxx-include-dir=/usr/include/c++/4.8 --libdir=/usr/lib --enable-nls --with-sysroot=/ --enable-clocale=gnu --enable-libstdcxx-debug --enable-libstdcxx-time=yes --enable-gnu-unique-object --disable-libmudflap --enable-plugin --with-system-zlib --disable-browser-plugin --enable-java-awt=gtk --enable-gtk-cairo --with-java-home=/usr/lib/jvm/java-1.5.0-gcj-4.8-i386/jre --enable-java-home --with-jvm-root-dir=/usr/lib/jvm/java-1.5.0-gcj-4.8-i386 --with-jvm-jar-dir=/usr/lib/jvm-exports/java-1.5.0-gcj-4.8-i386 --with-arch-directory=i386 --with-ecj-jar=/usr/share/java/eclipse-ecj.jar --enable-objc-gc --enable-targets=all --enable-multiarch --disable-werror --with-arch-32=i686 --with-multilib-list=m32,m64,mx32 --with-tune=generic --enable-checking=release --build=i686-linux-gnu --host=i686-linux-gnu --target=i686-linux-gnu
Thread model: posix
gcc version 4.8.2 (Ubuntu 4.8.2-19ubuntu1) 
configure:3167: $? = 0
configure:3156: g++ -V >&5
g++: error: unrecognized command line option '-V'
g++: fatal error: no input files
compilation terminated.
configure:3167: $? = 4
configure:3156: g++ -qversion >&5
g++: error: unrecognized command line option '-qversion'
g++: fatal error: no input files
compilation terminated.
configure:3167: $? = 4
configure:3187: checking whether the C++ compiler works
configure:3209: g++ -O2   conftest.cpp  >&5
configure:3213: $? = 0
configure:3261: result: yes
configure:3264: checking for C++ compiler default output file name
configure:3266: result: a.out
configure:3272: checking for suffix of executables
configure:3279: g++ -o conftest -O2   conftest.cpp  >&5
configure:3283: $? = 0
configure:3305: result: 
configure:3327: checking whether we are cross compiling
configure:3335: g++ -o conftest -O2   conftest.cpp  >&5
configure:3339: $? = 0
configure:3346: ./conftest
configure:3350: $? = 0
configure:3365: result: no
configure:3370: checking for suffix of object files
configure:3392: g++ -c -O2  conftest.cpp >&5
configure:3396: $? = 0
configure:3417: result: o
configure:3421: checking whether we are using the GNU C++ compiler
configure:3440: g++ -c -O2  conftest.cpp >&5
configure:3440: $? = 0
configure:3449: result: yes
configure:3458: checking whether g++ accepts -g
configure:3478: g++ -c -g  conftest.cpp >&5
configure:3478: $? = 0
configure:3519: result: yes
configure:3553: checking for style of include used by make
configure:3581: result: GNU
configure:3607: checking dependency style of g++
configure:3718: result: gcc3
configure:3735: checking whether NLS is requested
configure:3744: result: yes
configure:3796: checking for gcc
configure:3812: found /usr/bin/gcc
configure:3823: result: gcc
configure:4052: checking for C compiler version
configure:4061: gcc --version >&5
gcc (Ubuntu 4.8.2-19ubuntu1) 4.8.2
Copyright (C) 2013 Free Software Foundation, Inc.
This is free software; see the source for copying conditions.  There is NO
warranty; not even for MERCHANTABILITY or FITNESS FOR A PARTICULAR PURPOSE.

configure:4072: $? = 0
configure:4061: gcc -v >&5
Using built-in specs.
COLLECT_GCC=gcc
COLLECT_LTO_WRAPPER=/usr/lib/gcc/i686-linux-gnu/4.8/lto-wrapper
Target: i686-linux-gnu
Configured with: ../src/configure -v --with-pkgversion='Ubuntu 4.8.2-19ubuntu1' --with-bugurl=file:///usr/share/doc/gcc-4.8/README.Bugs --enable-languages=c,c++,java,go,d,fortran,objc,obj-c++ --prefix=/usr --program-suffix=-4.8 --enable-shared --enable-linker-build-id --libexecdir=/usr/lib --without-included-gettext --enable-threads=posix --with-gxx-include-dir=/usr/include/c++/4.8 --libdir=/usr/lib --enable-nls --with-sysroot=/ --enable-clocale=gnu --enable-libstdcxx-debug --enable-libstdcxx-time=yes --enable-gnu-unique-object --disable-libmudflap --enable-plugin --with-system-zlib --disable-browser-plugin --enable-java-awt=gtk --enable-gtk-cairo --with-java-home=/usr/lib/jvm/java-1.5.0-gcj-4.8-i386/jre --enable-java-home --with-jvm-root-dir=/usr/lib/jvm/java-1.5.0-gcj-4.8-i386 --with-jvm-jar-dir=/usr/lib/jvm-exports/java-1.5.0-gcj-4.8-i386 --with-arch-directory=i386 --with-ecj-jar=/usr/share/java/eclipse-ecj.jar --enable-objc-gc --enable-targets=all --enable-multiarch --disable-werror --with-arch-32=i686 --with-multilib-list=m32,m64,mx32 --with-tune=generic --enable-checking=release --build=i686-linux-gnu --host=i686-linux-gnu --target=i686-linux-gnu
Thread model: posix
gcc version 4.8.2 (Ubuntu 4.8.2-19ubuntu1) 
configure:4072: $? = 0
configure:4061: gcc -V >&5
gcc: error: unrecognized command line option '-V'
gcc: fatal error: no input files
compilation terminated.
configure:4072: $? = 4
configure:4061: gcc -qversion >&5
gcc: error: unrecognized command line option '-qversion'
gcc: fatal error: no input files
compilation terminated.
configure:4072: $? = 4
configure:4076: checking whether we are using the GNU C compiler
configure:4095: gcc -c -O2  conftest.c >&5
configure:4095: $? = 0
configure:4104: result: yes
configure:4113: checking whether gcc accepts -g
configure:4133: gcc -c -g  conftest.c >&5
configure:4133: $? = 0
configure:4174: result: yes
configure:4191: checking for gcc option to accept ISO C89
configure:4254: gcc  -c -O2  conftest.c >&5
configure:4254: $? = 0
configure:4267: result: none needed
configure:4292: checking whether gcc understands -c and -o together
configure:4314: gcc -c conftest.c -o conftest2.o
configure:4317: $? = 0
configure:4314: gcc -c conftest.c -o conftest2.o
configure:4317: $? = 0
configure:4329: result: yes
configure:4348: checking dependency style of gcc
configure:4459: result: gcc3
configure:4489: checking for intltool >= 0.35.0
configure:4491: result: 0.50.2 found
configure:4499: checking for intltool-update
configure:4517: found /usr/bin/intltool-update
configure:4529: result: /usr/bin/intltool-update
configure:4539: checking for intltool-merge
configure:4557: found /usr/bin/intltool-merge
configure:4569: result: /usr/bin/intltool-merge
configure:4579: checking for intltool-extract
configure:4597: found /usr/bin/intltool-extract
configure:4609: result: /usr/bin/intltool-extract
configure:4763: checking for xgettext
configure:4781: found /usr/bin/xgettext
configure:4793: result: /usr/bin/xgettext
configure:4803: checking for msgmerge
configure:4821: found /usr/bin/msgmerge
configure:4833: result: /usr/bin/msgmerge
configure:4843: checking for msgfmt
configure:4861: found /usr/bin/msgfmt
configure:4873: result: /usr/bin/msgfmt
configure:4883: checking for gmsgfmt
configure:4914: result: /usr/bin/msgfmt
configure:4934: checking for perl
configure:4952: found /usr/bin/perl
configure:4964: result: /usr/bin/perl
configure:4975: checking for perl >= 5.8.1
configure:4982: result: 5.18.2
configure:4986: checking for XML::Parser
configure:4989: result: ok
configure:5014: gcc -o conftest -O2   conftest.c  >&5
configure:5014: $? = 0
configure:5053: checking how to run the C preprocessor
configure:5084: gcc -E  conftest.c
configure:5084: $? = 0
configure:5098: gcc -E  conftest.c
conftest.c:12:28: fatal error: ac_nonexistent.h: No such file or directory
 #include <ac_nonexistent.h>
                            ^
compilation terminated.
configure:5098: $? = 1
configure: failed program was:
| /* confdefs.h */
| #define PACKAGE_NAME "ikev2"
| #define PACKAGE_TARNAME "ikev2"
| #define PACKAGE_VERSION "1.0"
| #define PACKAGE_STRING "ikev2 1.0"
| #define PACKAGE_BUGREPORT ""
| #define PACKAGE_URL ""
| #define PACKAGE "ikev2"
| #define VERSION "1.0"
| #define GETTEXT_PACKAGE "ikev2"
| /* end confdefs.h.  */
| #include <ac_nonexistent.h>
configure:5123: result: gcc -E
configure:5143: gcc -E  conftest.c
configure:5143: $? = 0
configure:5157: gcc -E  conftest.c
conftest.c:12:28: fatal error: ac_nonexistent.h: No such file or directory
 #include <ac_nonexistent.h>
                            ^
compilation terminated.
configure:5157: $? = 1
configure: failed program was:
| /* confdefs.h */
| #define PACKAGE_NAME "ikev2"
| #define PACKAGE_TARNAME "ikev2"
| #define PACKAGE_VERSION "1.0"
| #define PACKAGE_STRING "ikev2 1.0"
| #define PACKAGE_BUGREPORT ""
| #define PACKAGE_URL ""
| #define PACKAGE "ikev2"
| #define VERSION "1.0"
| #define GETTEXT_PACKAGE "ikev2"
| /* end confdefs.h.  */
| #include <ac_nonexistent.h>
configure:5186: checking for grep that handles long lines and -e
configure:5244: result: /bin/grep
configure:5249: checking for egrep
configure:5311: result: /bin/grep -E
configure:5316: checking for ANSI C header files
configure:5336: gcc -c -O2  conftest.c >&5
configure:5336: $? = 0
configure:5409: gcc -o conftest -O2   conftest.c  >&5
configure:5409: $? = 0
configure:5409: ./conftest
configure:5409: $? = 0
configure:5420: result: yes
configure:5433: checking for sys/types.h
configure:5433: gcc -c -O2  conftest.c >&5
configure:5433: $? = 0
configure:5433: result: yes
configure:5433: checking for sys/stat.h
configure:5433: gcc -c -O2  conftest.c >&5
configure:5433: $? = 0
configure:5433: result: yes
configure:5433: checking for stdlib.h
configure:5433: gcc -c -O2  conftest.c >&5
configure:5433: $? = 0
configure:5433: result: yes
configure:5433: checking for string.h
configure:5433: gcc -c -O2  conftest.c >&5
configure:5433: $? = 0
configure:5433: result: yes
configure:5433: checking for memory.h
configure:5433: gcc -c -O2  conftest.c >&5
configure:5433: $? = 0
configure:5433: result: yes
configure:5433: checking for strings.h
configure:5433: gcc -c -O2  conftest.c >&5
configure:5433: $? = 0
configure:5433: result: yes
configure:5433: checking for inttypes.h
configure:5433: gcc -c -O2  conftest.c >&5
configure:5433: $? = 0
configure:5433: result: yes
configure:5433: checking for stdint.h
configure:5433: gcc -c -O2  conftest.c >&5
configure:5433: $? = 0
configure:5433: result: yes
configure:5433: checking for unistd.h
configure:5433: gcc -c -O2  conftest.c >&5
configure:5433: $? = 0
configure:5433: result: yes
configure:5448: checking locale.h usability
configure:5448: gcc -c -O2  conftest.c >&5
configure:5448: $? = 0
configure:5448: result: yes
configure:5448: checking locale.h presence
configure:5448: gcc -E  conftest.c
configure:5448: $? = 0
configure:5448: result: yes
configure:5448: checking for locale.h
configure:5448: result: yes
configure:5459: checking for LC_MESSAGES
configure:5475: gcc -o conftest -O2   conftest.c  >&5
configure:5475: $? = 0
configure:5483: result: yes
configure:5500: checking libintl.h usability
configure:5500: gcc -c -O2  conftest.c >&5
configure:5500: $? = 0
configure:5500: result: yes
configure:5500: checking libintl.h presence
configure:5500: gcc -E  conftest.c
configure:5500: $? = 0
configure:5500: result: yes
configure:5500: checking for libintl.h
configure:5500: result: yes
configure:5508: checking for ngettext in libc
configure:5526: gcc -o conftest -O2   conftest.c  >&5
configure:5526: $? = 0
configure:5535: result: yes
configure:5539: checking for dgettext in libc
configure:5557: gcc -o conftest -O2   conftest.c  >&5
configure:5557: $? = 0
configure:5566: result: yes
configure:5573: checking for bind_textdomain_codeset
configure:5573: gcc -o conftest -O2   conftest.c  >&5
configure:5573: $? = 0
configure:5573: result: yes
configure:5849: checking for msgfmt
configure:5876: result: /usr/bin/msgfmt
configure:5887: checking for dcgettext
configure:5887: gcc -o conftest -O2   conftest.c   >&5
conftest.c:49:6: warning: conflicting types for built-in function 'dcgettext' [enabled by default]
 char dcgettext ();
      ^
configure:5887: $? = 0
configure:5887: result: yes
configure:5897: checking if msgfmt accepts -c
configure:5912: $MSGFMT -c -o /dev/null conftest.foo
conftest.foo:3: warning: header field 'Language' missing in header
configure:5915: $? = 0
configure:5917: result: yes
configure:5927: checking for gmsgfmt
configure:5958: result: /usr/bin/msgfmt
configure:5968: checking for xgettext
configure:5995: result: /usr/bin/xgettext
configure:6014: gcc -o conftest -O2   conftest.c   >&5
configure:6014: $? = 0
configure:6186: checking build system type
configure:6200: result: i686-pc-linux-gnu
configure:6220: checking host system type
configure:6233: result: i686-pc-linux-gnu
configure:6274: checking how to print strings
configure:6301: result: printf
configure:6322: checking for a sed that does not truncate output
configure:6386: result: /bin/sed
configure:6404: checking for fgrep
configure:6466: result: /bin/grep -F
configure:6501: checking for ld used by gcc
configure:6568: result: /usr/bin/ld
configure:6575: checking if the linker (/usr/bin/ld) is GNU ld
configure:6590: result: yes
configure:6602: checking for BSD- or MS-compatible name lister (nm)
configure:6651: result: /usr/bin/nm -B
configure:6781: checking the name lister (/usr/bin/nm -B) interface
configure:6788: gcc -c -O2  conftest.c >&5
configure:6791: /usr/bin/nm -B "conftest.o"
configure:6794: output
00000000 B some_variable
configure:6801: result: BSD nm
configure:6804: checking whether ln -s works
configure:6808: result: yes
configure:6816: checking the maximum length of command line arguments
configure:6947: result: 1572864
configure:6964: checking whether the shell understands some XSI constructs
configure:6974: result: yes
configure:6978: checking whether the shell understands "+="
configure:6984: result: yes
configure:7019: checking how to convert i686-pc-linux-gnu file names to i686-pc-linux-gnu format
configure:7059: result: func_convert_file_noop
configure:7066: checking how to convert i686-pc-linux-gnu file names to toolchain format
configure:7086: result: func_convert_file_noop
configure:7093: checking for /usr/bin/ld option to reload object files
configure:7100: result: -r
configure:7174: checking for objdump
configure:7190: found /usr/bin/objdump
configure:7201: result: objdump
configure:7233: checking how to recognize dependent libraries
configure:7431: result: pass_all
configure:7516: checking for dlltool
configure:7546: result: no
configure:7576: checking how to associate runtime and link libraries
configure:7603: result: printf %s\n
configure:7663: checking for ar
configure:7679: found /usr/bin/ar
configure:7690: result: ar
configure:7727: checking for archiver @FILE support
configure:7744: gcc -c -O2  conftest.c >&5
configure:7744: $? = 0
configure:7747: ar cru libconftest.a @conftest.lst >&5
configure:7750: $? = 0
configure:7755: ar cru libconftest.a @conftest.lst >&5
ar: conftest.o: No such file or directory
configure:7758: $? = 1
configure:7770: result: @
configure:7828: checking for strip
configure:7844: found /usr/bin/strip
configure:7855: result: strip
configure:7927: checking for ranlib
configure:7943: found /usr/bin/ranlib
configure:7954: result: ranlib
configure:8056: checking command to parse /usr/bin/nm -B output from gcc object
configure:8176: gcc -c -O2  conftest.c >&5
configure:8179: $? = 0
configure:8183: /usr/bin/nm -B conftest.o \| sed -n -e 's/^.*[ ]\([ABCDGIRSTW][ABCDGIRSTW]*\)[ ][ ]*\([_A-Za-z][_A-Za-z0-9]*\)$/\1 \2 \2/p' | sed '/ __gnu_lto/d' \> conftest.nm
configure:8186: $? = 0
configure:8252: gcc -o conftest -O2   conftest.c conftstm.o >&5
configure:8255: $? = 0
configure:8293: result: ok
configure:8330: checking for sysroot
configure:8360: result: no
configure:8629: checking for mt
configure:8645: found /bin/mt
configure:8656: result: mt
configure:8679: checking if mt is a manifest tool
configure:8685: mt '-?'
configure:8693: result: no
configure:9332: checking for dlfcn.h
configure:9332: gcc -c -O2  conftest.c >&5
configure:9332: $? = 0
configure:9332: result: yes
configure:9549: checking for objdir
configure:9564: result: .libs
configure:9831: checking if gcc supports -fno-rtti -fno-exceptions
configure:9849: gcc -c -O2  -fno-rtti -fno-exceptions conftest.c >&5
cc1: warning: command line option '-fno-rtti' is valid for C++/ObjC++ but not for C [enabled by default]
configure:9853: $? = 0
configure:9866: result: no
configure:10193: checking for gcc option to produce PIC
configure:10200: result: -fPIC -DPIC
configure:10208: checking if gcc PIC flag -fPIC -DPIC works
configure:10226: gcc -c -O2  -fPIC -DPIC -DPIC conftest.c >&5
configure:10230: $? = 0
configure:10243: result: yes
configure:10272: checking if gcc static flag -static works
configure:10300: result: yes
configure:10315: checking if gcc supports -c -o file.o
configure:10336: gcc -c -O2  -o out/conftest2.o conftest.c >&5
configure:10340: $? = 0
configure:10362: result: yes
configure:10370: checking if gcc supports -c -o file.o
configure:10417: result: yes
configure:10450: checking whether the gcc linker (/usr/bin/ld) supports shared libraries
configure:11607: result: yes
configure:11644: checking whether -lc should be explicitly linked in
configure:11652: gcc -c -O2  conftest.c >&5
configure:11655: $? = 0
configure:11670: gcc -shared  -fPIC -DPIC conftest.o  -v -Wl,-soname -Wl,conftest -o conftest 2\>\&1 \| /bin/grep  -lc  \>/dev/null 2\>\&1
configure:11673: $? = 0
configure:11687: result: no
configure:11847: checking dynamic linker characteristics
configure:12347: gcc -o conftest -O2   -Wl,-rpath -Wl,/foo conftest.c  >&5
configure:12347: $? = 0
configure:12581: result: GNU/Linux ld.so
configure:12688: checking how to hardcode library paths into programs
configure:12713: result: immediate
configure:13253: checking whether stripping libraries is possible
configure:13258: result: yes
configure:13293: checking if libtool supports shared libraries
configure:13295: result: yes
configure:13298: checking whether to build shared libraries
configure:13319: result: yes
configure:13322: checking whether to build static libraries
configure:13326: result: yes
configure:13349: checking how to run the C++ preprocessor
configure:13376: g++ -E  conftest.cpp
configure:13376: $? = 0
configure:13390: g++ -E  conftest.cpp
conftest.cpp:30:28: fatal error: ac_nonexistent.h: No such file or directory
 #include <ac_nonexistent.h>
                            ^
compilation terminated.
configure:13390: $? = 1
configure: failed program was:
| /* confdefs.h */
| #define PACKAGE_NAME "ikev2"
| #define PACKAGE_TARNAME "ikev2"
| #define PACKAGE_VERSION "1.0"
| #define PACKAGE_STRING "ikev2 1.0"
| #define PACKAGE_BUGREPORT ""
| #define PACKAGE_URL ""
| #define PACKAGE "ikev2"
| #define VERSION "1.0"
| #define GETTEXT_PACKAGE "ikev2"
| #define STDC_HEADERS 1
| #define HAVE_SYS_TYPES_H 1
| #define HAVE_SYS_STAT_H 1
| #define HAVE_STDLIB_H 1
| #define HAVE_STRING_H 1
| #define HAVE_MEMORY_H 1
| #define HAVE_STRINGS_H 1
| #define HAVE_INTTYPES_H 1
| #define HAVE_STDINT_H 1
| #define HAVE_UNISTD_H 1
| #define HAVE_LOCALE_H 1
| #define HAVE_LC_MESSAGES 1
| #define HAVE_BIND_TEXTDOMAIN_CODESET 1
| #define HAVE_GETTEXT 1
| #define HAVE_DCGETTEXT 1
| #define ENABLE_NLS 1
| #define HAVE_DLFCN_H 1
| #define LT_OBJDIR ".libs/"
| /* end confdefs.h.  */
| #include <ac_nonexistent.h>
configure:13415: result: g++ -E
configure:13435: g++ -E  conftest.cpp
configure:13435: $? = 0
configure:13449: g++ -E  conftest.cpp
conftest.cpp:30:28: fatal error: ac_nonexistent.h: No such file or directory
 #include <ac_nonexistent.h>
                            ^
compilation terminated.
configure:13449: $? = 1
configure: failed program was:
| /* confdefs.h */
| #define PACKAGE_NAME "ikev2"
| #define PACKAGE_TARNAME "ikev2"
| #define PACKAGE_VERSION "1.0"
| #define PACKAGE_STRING "ikev2 1.0"
| #define PACKAGE_BUGREPORT ""
| #define PACKAGE_URL ""
| #define PACKAGE "ikev2"
| #define VERSION "1.0"
| #define GETTEXT_PACKAGE "ikev2"
| #define STDC_HEADERS 1
| #define HAVE_SYS_TYPES_H 1
| #define HAVE_SYS_STAT_H 1
| #define HAVE_STDLIB_H 1
| #define HAVE_STRING_H 1
| #define HAVE_MEMORY_H 1
| #define HAVE_STRINGS_H 1
| #define HAVE_INTTYPES_H 1
| #define HAVE_STDINT_H 1
| #define HAVE_UNISTD_H 1
| #define HAVE_LOCALE_H 1
| #define HAVE_LC_MESSAGES 1
| #define HAVE_BIND_TEXTDOMAIN_CODESET 1
| #define HAVE_GETTEXT 1
| #define HAVE_DCGETTEXT 1
| #define ENABLE_NLS 1
| #define HAVE_DLFCN_H 1
| #define LT_OBJDIR ".libs/"
| /* end confdefs.h.  */
| #include <ac_nonexistent.h>
configure:13618: checking for ld used by g++
configure:13685: result: /usr/bin/ld
configure:13692: checking if the linker (/usr/bin/ld) is GNU ld
configure:13707: result: yes
configure:13762: checking whether the g++ linker (/usr/bin/ld) supports shared libraries
configure:14764: result: yes
configure:14800: g++ -c -O2  conftest.cpp >&5
configure:14803: $? = 0
configure:15323: checking for g++ option to produce PIC
configure:15330: result: -fPIC -DPIC
configure:15338: checking if g++ PIC flag -fPIC -DPIC works
configure:15356: g++ -c -O2  -fPIC -DPIC -DPIC conftest.cpp >&5
configure:15360: $? = 0
configure:15373: result: yes
configure:15396: checking if g++ static flag -static works
configure:15424: result: yes
configure:15436: checking if g++ supports -c -o file.o
configure:15457: g++ -c -O2  -o out/conftest2.o conftest.cpp >&5
configure:15461: $? = 0
configure:15483: result: yes
configure:15488: checking if g++ supports -c -o file.o
configure:15535: result: yes
configure:15565: checking whether the g++ linker (/usr/bin/ld) supports shared libraries
configure:15604: result: yes
configure:15745: checking dynamic linker characteristics
configure:16413: result: GNU/Linux ld.so
configure:16466: checking how to hardcode library paths into programs
configure:16491: result: immediate
configure:16664: checking that generated files are newer than configure
configure:16670: result: done
configure:16701: creating ./config.status

## ---------------------- ##
## Running config.status. ##
## ---------------------- ##

This file was extended by ikev2 config.status 1.0, which was
generated by GNU Autoconf 2.69.  Invocation command line was

  CONFIG_FILES    = 
  CONFIG_HEADERS  = 
  CONFIG_LINKS    = 
  CONFIG_COMMANDS = 
  $ ./config.status 

on A2ML04601L

config.status:1223: creating Makefile
config.status:1223: creating src/Makefile
config.status:1223: creating po/Makefile.in
config.status:1223: creating config.h
config.status:1437: executing depfiles commands
config.status:1437: executing default-1 commands
config.status:1437: executing libtool commands
config.status:1437: executing po/stamp-it commands
configure:19214: WARNING: unrecognized options: --enable-maintainer-mode

## ---------------- ##
## Cache variables. ##
## ---------------- ##

ac_cv_build=i686-pc-linux-gnu
ac_cv_c_compiler_gnu=yes
ac_cv_cxx_compiler_gnu=yes
ac_cv_env_CCC_set=
ac_cv_env_CCC_value=
ac_cv_env_CC_set=
ac_cv_env_CC_value=
ac_cv_env_CFLAGS_set=set
ac_cv_env_CFLAGS_value=-O2
ac_cv_env_CPPFLAGS_set=
ac_cv_env_CPPFLAGS_value=
ac_cv_env_CPP_set=
ac_cv_env_CPP_value=
ac_cv_env_CXXCPP_set=
ac_cv_env_CXXCPP_value=
ac_cv_env_CXXFLAGS_set=set
ac_cv_env_CXXFLAGS_value=-O2
ac_cv_env_CXX_set=
ac_cv_env_CXX_value=
ac_cv_env_LDFLAGS_set=
ac_cv_env_LDFLAGS_value=
ac_cv_env_LIBS_set=
ac_cv_env_LIBS_value=
ac_cv_env_build_alias_set=
ac_cv_env_build_alias_value=
ac_cv_env_host_alias_set=
ac_cv_env_host_alias_value=
ac_cv_env_target_alias_set=
ac_cv_env_target_alias_value=
ac_cv_func_bind_textdomain_codeset=yes
ac_cv_func_dcgettext=yes
ac_cv_header_dlfcn_h=yes
ac_cv_header_inttypes_h=yes
ac_cv_header_libintl_h=yes
ac_cv_header_locale_h=yes
ac_cv_header_memory_h=yes
ac_cv_header_stdc=yes
ac_cv_header_stdint_h=yes
ac_cv_header_stdlib_h=yes
ac_cv_header_string_h=yes
ac_cv_header_strings_h=yes
ac_cv_header_sys_stat_h=yes
ac_cv_header_sys_types_h=yes
ac_cv_header_unistd_h=yes
ac_cv_host=i686-pc-linux-gnu
ac_cv_objext=o
ac_cv_path_EGREP='/bin/grep -E'
ac_cv_path_FGREP='/bin/grep -F'
ac_cv_path_GMSGFMT=/usr/bin/msgfmt
ac_cv_path_GREP=/bin/grep
ac_cv_path_INTLTOOL_EXTRACT=/usr/bin/intltool-extract
ac_cv_path_INTLTOOL_MERGE=/usr/bin/intltool-merge
ac_cv_path_INTLTOOL_PERL=/usr/bin/perl
ac_cv_path_INTLTOOL_UPDATE=/usr/bin/intltool-update
ac_cv_path_MSGFMT=/usr/bin/msgfmt
ac_cv_path_MSGMERGE=/usr/bin/msgmerge
ac_cv_path_SED=/bin/sed
ac_cv_path_XGETTEXT=/usr/bin/xgettext
ac_cv_path_install='/usr/bin/install -c'
ac_cv_path_mkdir=/bin/mkdir
ac_cv_prog_AWK=gawk
ac_cv_prog_CPP='gcc -E'
ac_cv_prog_CXXCPP='g++ -E'
ac_cv_prog_ac_ct_AR=ar
ac_cv_prog_ac_ct_CC=gcc
ac_cv_prog_ac_ct_CXX=g++
ac_cv_prog_ac_ct_MANIFEST_TOOL=mt
ac_cv_prog_ac_ct_OBJDUMP=objdump
ac_cv_prog_ac_ct_RANLIB=ranlib
ac_cv_prog_ac_ct_STRIP=strip
ac_cv_prog_cc_c89=
ac_cv_prog_cc_g=yes
ac_cv_prog_cxx_g=yes
ac_cv_prog_make_make_set=yes
am_cv_CC_dependencies_compiler_type=gcc3
am_cv_CXX_dependencies_compiler_type=gcc3
am_cv_make_support_nested_variables=yes
am_cv_prog_cc_c_o=yes
am_cv_val_LC_MESSAGES=yes
gt_cv_func_dgettext_libc=yes
gt_cv_func_dgettext_libintl=no
gt_cv_func_ngettext_libc=yes
gt_cv_have_gettext=yes
lt_cv_ar_at_file=@
lt_cv_archive_cmds_need_lc=no
lt_cv_deplibs_check_method=pass_all
lt_cv_file_magic_cmd='$MAGIC_CMD'
lt_cv_file_magic_test_file=
lt_cv_ld_reload_flag=-r
lt_cv_nm_interface='BSD nm'
lt_cv_objdir=.libs
lt_cv_path_LD=/usr/bin/ld
lt_cv_path_LDCXX=/usr/bin/ld
lt_cv_path_NM='/usr/bin/nm -B'
lt_cv_path_mainfest_tool=no
lt_cv_prog_compiler_c_o=yes
lt_cv_prog_compiler_c_o_CXX=yes
lt_cv_prog_compiler_pic='-fPIC -DPIC'
lt_cv_prog_compiler_pic_CXX='-fPIC -DPIC'
lt_cv_prog_compiler_pic_works=yes
lt_cv_prog_compiler_pic_works_CXX=yes
lt_cv_prog_compiler_rtti_exceptions=no
lt_cv_prog_compiler_static_works=yes
lt_cv_prog_compiler_static_works_CXX=yes
lt_cv_prog_gnu_ld=yes
lt_cv_prog_gnu_ldcxx=yes
lt_cv_sharedlib_from_linklib_cmd='printf %s\n'
lt_cv_shlibpath_overrides_runpath=no
lt_cv_sys_global_symbol_pipe='sed -n -e '\''s/^.*[	 ]\([ABCDGIRSTW][ABCDGIRSTW]*\)[	 ][	 ]*\([_A-Za-z][_A-Za-z0-9]*\)$/\1 \2 \2/p'\'' | sed '\''/ __gnu_lto/d'\'''
lt_cv_sys_global_symbol_to_c_name_address='sed -n -e '\''s/^: \([^ ]*\)[ ]*$/  {\"\1\", (void *) 0},/p'\'' -e '\''s/^[ABCDGIRSTW]* \([^ ]*\) \([^ ]*\)$/  {"\2", (void *) \&\2},/p'\'''
lt_cv_sys_global_symbol_to_c_name_address_lib_prefix='sed -n -e '\''s/^: \([^ ]*\)[ ]*$/  {\"\1\", (void *) 0},/p'\'' -e '\''s/^[ABCDGIRSTW]* \([^ ]*\) \(lib[^ ]*\)$/  {"\2", (void *) \&\2},/p'\'' -e '\''s/^[ABCDGIRSTW]* \([^ ]*\) \([^ ]*\)$/  {"lib\2", (void *) \&\2},/p'\'''
lt_cv_sys_global_symbol_to_cdecl='sed -n -e '\''s/^T .* \(.*\)$/extern int \1();/p'\'' -e '\''s/^[ABCDGIRSTW]* .* \(.*\)$/extern char \1;/p'\'''
lt_cv_sys_max_cmd_len=1572864
lt_cv_to_host_file_cmd=func_convert_file_noop
lt_cv_to_tool_file_cmd=func_convert_file_noop

## ----------------- ##
## Output variables. ##
## ----------------- ##

ACLOCAL='${SHELL} /home/m1016632/ikev2/missing aclocal-1.14'
ALL_LINGUAS=''
AMDEPBACKSLASH='\'
AMDEP_FALSE='#'
AMDEP_TRUE=''
AMTAR='$${TAR-tar}'
AM_BACKSLASH='\'
AM_CXXFLAGS='-std=c++11 -Wall -pthread -Wl,--no-as-needed'
AM_DEFAULT_V='$(AM_DEFAULT_VERBOSITY)'
AM_DEFAULT_VERBOSITY='1'
AM_V='$(V)'
AR='ar'
AUTOCONF='${SHELL} /home/m1016632/ikev2/missing autoconf'
AUTOHEADER='${SHELL} /home/m1016632/ikev2/missing autoheader'
AUTOMAKE='${SHELL} /home/m1016632/ikev2/missing automake-1.14'
AWK='gawk'
CATALOGS=''
CATOBJEXT='.gmo'
CC='gcc'
CCDEPMODE='depmode=gcc3'
CFLAGS='-O2'
CPP='gcc -E'
CPPFLAGS=''
CXX='g++'
CXXCPP='g++ -E'
CXXDEPMODE='depmode=gcc3'
CXXFLAGS='-O2'
CYGPATH_W='echo'
DATADIRNAME='share'
DEFS='-DHAVE_CONFIG_H'
DEPDIR='.deps'
DLLTOOL='false'
DSYMUTIL=''
DUMPBIN=''
ECHO_C=''
ECHO_N='-n'
ECHO_T=''
EGREP='/bin/grep -E'
EXEEXT=''
FGREP='/bin/grep -F'
GETTEXT_PACKAGE='ikev2'
GMOFILES=''
GMSGFMT='/usr/bin/msgfmt'
GREP='/bin/grep'
INSTALL_DATA='${INSTALL} -m 644'
INSTALL_PROGRAM='${INSTALL}'
INSTALL_SCRIPT='${INSTALL}'
INSTALL_STRIP_PROGRAM='$(install_sh) -c -s'
INSTOBJEXT='.mo'
INTLLIBS=''
INTLTOOL_CAVES_RULE='%.caves:     %.caves.in     $(INTLTOOL_MERGE) $(wildcard $(top_srcdir)/po/*.po) ; $(INTLTOOL_V_MERGE)LC_ALL=C $(INTLTOOL_MERGE) $(INTLTOOL_V_MERGE_OPTIONS) -d -u -c $(top_builddir)/po/.intltool-merge-cache $(top_srcdir)/po $< $@'
INTLTOOL_DESKTOP_RULE='%.desktop:   %.desktop.in   $(INTLTOOL_MERGE) $(wildcard $(top_srcdir)/po/*.po) ; $(INTLTOOL_V_MERGE)LC_ALL=C $(INTLTOOL_MERGE) $(INTLTOOL_V_MERGE_OPTIONS) -d -u -c $(top_builddir)/po/.intltool-merge-cache $(top_srcdir)/po $< $@'
INTLTOOL_DIRECTORY_RULE='%.directory: %.directory.in $(INTLTOOL_MERGE) $(wildcard $(top_srcdir)/po/*.po) ; $(INTLTOOL_V_MERGE)LC_ALL=C $(INTLTOOL_MERGE) $(INTLTOOL_V_MERGE_OPTIONS) -d -u -c $(top_builddir)/po/.intltool-merge-cache $(top_srcdir)/po $< $@'
INTLTOOL_EXTRACT='/usr/bin/intltool-extract'
INTLTOOL_KBD_RULE='%.kbd:       %.kbd.in       $(INTLTOOL_MERGE) $(wildcard $(top_srcdir)/po/*.po) ; $(INTLTOOL_V_MERGE)LC_ALL=C $(INTLTOOL_MERGE) $(INTLTOOL_V_MERGE_OPTIONS) -x -u -m -c $(top_builddir)/po/.intltool-merge-cache $(top_srcdir)/po $< $@'
INTLTOOL_KEYS_RULE='%.keys:      %.keys.in      $(INTLTOOL_MERGE) $(wildcard $(top_srcdir)/po/*.po) ; $(INTLTOOL_V_MERGE)LC_ALL=C $(INTLTOOL_MERGE) $(INTLTOOL_V_MERGE_OPTIONS) -k -u -c $(top_builddir)/po/.intltool-merge-cache $(top_srcdir)/po $< $@'
INTLTOOL_MERGE='/usr/bin/intltool-merge'
INTLTOOL_OAF_RULE='%.oaf:       %.oaf.in       $(INTLTOOL_MERGE) $(wildcard $(top_srcdir)/po/*.po) ; $(INTLTOOL_V_MERGE)LC_ALL=C $(INTLTOOL_MERGE) $(INTLTOOL_V_MERGE_OPTIONS) -o -p $(top_srcdir)/po $< $@'
INTLTOOL_PERL='/usr/bin/perl'
INTLTOOL_POLICY_RULE='%.policy:    %.policy.in    $(INTLTOOL_MERGE) $(wildcard $(top_srcdir)/po/*.po) ; $(INTLTOOL_V_MERGE)LC_ALL=C $(INTLTOOL_MERGE) $(INTLTOOL_V_MERGE_OPTIONS) -x -u -c $(top_builddir)/po/.intltool-merge-cache $(top_srcdir)/po $< $@'
INTLTOOL_PONG_RULE='%.pong:      %.pong.in      $(INTLTOOL_MERGE) $(wildcard $(top_srcdir)/po/*.po) ; $(INTLTOOL_V_MERGE)LC_ALL=C $(INTLTOOL_MERGE) $(INTLTOOL_V_MERGE_OPTIONS) -x -u -c $(top_builddir)/po/.intltool-merge-cache $(top_srcdir)/po $< $@'
INTLTOOL_PROP_RULE='%.prop:      %.prop.in      $(INTLTOOL_MERGE) $(wildcard $(top_srcdir)/po/*.po) ; $(INTLTOOL_V_MERGE)LC_ALL=C $(INTLTOOL_MERGE) $(INTLTOOL_V_MERGE_OPTIONS) -d -u -c $(top_builddir)/po/.intltool-merge-cache $(top_srcdir)/po $< $@'
INTLTOOL_SCHEMAS_RULE='%.schemas:   %.schemas.in   $(INTLTOOL_MERGE) $(wildcard $(top_srcdir)/po/*.po) ; $(INTLTOOL_V_MERGE)LC_ALL=C $(INTLTOOL_MERGE) $(INTLTOOL_V_MERGE_OPTIONS) -s -u -c $(top_builddir)/po/.intltool-merge-cache $(top_srcdir)/po $< $@'
INTLTOOL_SERVER_RULE='%.server:    %.server.in    $(INTLTOOL_MERGE) $(wildcard $(top_srcdir)/po/*.po) ; $(INTLTOOL_V_MERGE)LC_ALL=C $(INTLTOOL_MERGE) $(INTLTOOL_V_MERGE_OPTIONS) -o -u -c $(top_builddir)/po/.intltool-merge-cache $(top_srcdir)/po $< $@'
INTLTOOL_SERVICE_RULE='%.service: %.service.in   $(INTLTOOL_MERGE) $(wildcard $(top_srcdir)/po/*.po) ; $(INTLTOOL_V_MERGE)LC_ALL=C $(INTLTOOL_MERGE) $(INTLTOOL_V_MERGE_OPTIONS) -d -u -c $(top_builddir)/po/.intltool-merge-cache $(top_srcdir)/po $< $@'
INTLTOOL_SHEET_RULE='%.sheet:     %.sheet.in     $(INTLTOOL_MERGE) $(wildcard $(top_srcdir)/po/*.po) ; $(INTLTOOL_V_MERGE)LC_ALL=C $(INTLTOOL_MERGE) $(INTLTOOL_V_MERGE_OPTIONS) -x -u -c $(top_builddir)/po/.intltool-merge-cache $(top_srcdir)/po $< $@'
INTLTOOL_SOUNDLIST_RULE='%.soundlist: %.soundlist.in $(INTLTOOL_MERGE) $(wildcard $(top_srcdir)/po/*.po) ; $(INTLTOOL_V_MERGE)LC_ALL=C $(INTLTOOL_MERGE) $(INTLTOOL_V_MERGE_OPTIONS) -d -u -c $(top_builddir)/po/.intltool-merge-cache $(top_srcdir)/po $< $@'
INTLTOOL_THEME_RULE='%.theme:     %.theme.in     $(INTLTOOL_MERGE) $(wildcard $(top_srcdir)/po/*.po) ; $(INTLTOOL_V_MERGE)LC_ALL=C $(INTLTOOL_MERGE) $(INTLTOOL_V_MERGE_OPTIONS) -d -u -c $(top_builddir)/po/.intltool-merge-cache $(top_srcdir)/po $< $@'
INTLTOOL_UI_RULE='%.ui:        %.ui.in        $(INTLTOOL_MERGE) $(wildcard $(top_srcdir)/po/*.po) ; $(INTLTOOL_V_MERGE)LC_ALL=C $(INTLTOOL_MERGE) $(INTLTOOL_V_MERGE_OPTIONS) -x -u -c $(top_builddir)/po/.intltool-merge-cache $(top_srcdir)/po $< $@'
INTLTOOL_UPDATE='/usr/bin/intltool-update'
INTLTOOL_V_MERGE='$(INTLTOOL__v_MERGE_$(V))'
INTLTOOL_V_MERGE_OPTIONS='$(intltool__v_merge_options_$(V))'
INTLTOOL_XAM_RULE='%.xam:       %.xml.in       $(INTLTOOL_MERGE) $(wildcard $(top_srcdir)/po/*.po) ; $(INTLTOOL_V_MERGE)LC_ALL=C $(INTLTOOL_MERGE) $(INTLTOOL_V_MERGE_OPTIONS) -x -u -c $(top_builddir)/po/.intltool-merge-cache $(top_srcdir)/po $< $@'
INTLTOOL_XML_NOMERGE_RULE='%.xml:       %.xml.in       $(INTLTOOL_MERGE) ; $(INTLTOOL_V_MERGE)LC_ALL=C $(INTLTOOL_MERGE) $(INTLTOOL_V_MERGE_OPTIONS) -x -u --no-translations $< $@'
INTLTOOL_XML_RULE='%.xml:       %.xml.in       $(INTLTOOL_MERGE) $(wildcard $(top_srcdir)/po/*.po) ; $(INTLTOOL_V_MERGE)LC_ALL=C $(INTLTOOL_MERGE) $(INTLTOOL_V_MERGE_OPTIONS) -x -u -c $(top_builddir)/po/.intltool-merge-cache $(top_srcdir)/po $< $@'
INTLTOOL__v_MERGE_0='@echo "  ITMRG " $@;'
INTLTOOL__v_MERGE_='$(INTLTOOL__v_MERGE_$(AM_DEFAULT_VERBOSITY))'
LD='/usr/bin/ld'
LDFLAGS=''
LIBOBJS=''
LIBS=''
LIBTOOL='$(SHELL) $(top_builddir)/libtool'
LIPO=''
LN_S='ln -s'
LTLIBOBJS=''
MAKEINFO='${SHELL} /home/m1016632/ikev2/missing makeinfo'
MANIFEST_TOOL=':'
MKDIR_P='/bin/mkdir -p'
MKINSTALLDIRS='/home/m1016632/ikev2/mkinstalldirs'
MSGFMT='/usr/bin/msgfmt'
MSGFMT_OPTS='-c'
MSGMERGE='/usr/bin/msgmerge'
NM='/usr/bin/nm -B'
NMEDIT=''
OBJDUMP='objdump'
OBJEXT='o'
OTOOL64=''
OTOOL=''
PACKAGE='ikev2'
PACKAGE_BUGREPORT=''
PACKAGE_NAME='ikev2'
PACKAGE_STRING='ikev2 1.0'
PACKAGE_TARNAME='ikev2'
PACKAGE_URL=''
PACKAGE_VERSION='1.0'
PATH_SEPARATOR=':'
POFILES=''
POSUB='po'
PO_IN_DATADIR_FALSE=''
PO_IN_DATADIR_TRUE=''
RANLIB='ranlib'
SED='/bin/sed'
SET_MAKE=''
SHELL='/bin/bash'
STRIP='strip'
USE_NLS='yes'
VERSION='1.0'
XGETTEXT='/usr/bin/xgettext'
ac_ct_AR='ar'
ac_ct_CC='gcc'
ac_ct_CXX='g++'
ac_ct_DUMPBIN=''
am__EXEEXT_FALSE=''
am__EXEEXT_TRUE='#'
am__fastdepCC_FALSE='#'
am__fastdepCC_TRUE=''
am__fastdepCXX_FALSE='#'
am__fastdepCXX_TRUE=''
am__include='include'
am__isrc=' -I$(srcdir)'
am__leading_dot='.'
am__nodep='_no'
am__quote=''
am__tar='$${TAR-tar} chof - "$$tardir"'
am__untar='$${TAR-tar} xf -'
bindir='${exec_prefix}/bin'
build='i686-pc-linux-gnu'
build_alias=''
build_cpu='i686'
build_os='linux-gnu'
build_vendor='pc'
datadir='${datarootdir}'
datarootdir='${prefix}/share'
docdir='${datarootdir}/doc/${PACKAGE_TARNAME}'
dvidir='${docdir}'
exec_prefix='${prefix}'
host='i686-pc-linux-gnu'
host_alias=''
host_cpu='i686'
host_os='linux-gnu'
host_vendor='pc'
htmldir='${docdir}'
includedir='${prefix}/include'
infodir='${datarootdir}/info'
install_sh='${SHELL} /home/m1016632/ikev2/install-sh'
intltool__v_merge_options_0='-q'
intltool__v_merge_options_='$(intltool__v_merge_options_$(AM_DEFAULT_VERBOSITY))'
libdir='${exec_prefix}/lib'
libexecdir='${exec_prefix}/libexec'
localedir='${datarootdir}/locale'
localstatedir='${prefix}/var'
mandir='${datarootdir}/man'
mkdir_p='$(MKDIR_P)'
oldincludedir='/usr/include'
pdfdir='${docdir}'
prefix='/usr/local'
program_transform_name='s,x,x,'
psdir='${docdir}'
sbindir='${exec_prefix}/sbin'
sharedstatedir='${prefix}/com'
sysconfdir='${prefix}/etc'
target_alias=''

## ----------- ##
## confdefs.h. ##
## ----------- ##

/* confdefs.h */
#define PACKAGE_NAME "ikev2"
#define PACKAGE_TARNAME "ikev2"
#define PACKAGE_VERSION "1.0"
#define PACKAGE_STRING "ikev2 1.0"
#define PACKAGE_BUGREPORT ""
#define PACKAGE_URL ""
#define PACKAGE "ikev2"
#define VERSION "1.0"
#define GETTEXT_PACKAGE "ikev2"
#define STDC_HEADERS 1
#define HAVE_SYS_TYPES_H 1
#define HAVE_SYS_STAT_H 1
#define HAVE_STDLIB_H 1
#define HAVE_STRING_H 1
#define HAVE_MEMORY_H 1
#define HAVE_STRINGS_H 1
#define HAVE_INTTYPES_H 1
#define HAVE_STDINT_H 1
#define HAVE_UNISTD_H 1
#define HAVE_LOCALE_H 1
#define HAVE_LC_MESSAGES 1
#define HAVE_BIND_TEXTDOMAIN_CODESET 1
#define HAVE_GETTEXT 1
#define HAVE_DCGETTEXT 1
#define ENABLE_NLS 1
#define HAVE_DLFCN_H 1
#define LT_OBJDIR ".libs/"

configure: exit 0

## ---------------------- ##
## Running config.status. ##
## ---------------------- ##

This file was extended by ikev2 config.status 1.0, which was
generated by GNU Autoconf 2.69.  Invocation command line was

  CONFIG_FILES    = 
  CONFIG_HEADERS  = 
  CONFIG_LINKS    = 
  CONFIG_COMMANDS = 
  $ ./config.status src/Makefile depfiles

on A2ML04601L

config.status:1223: creating src/Makefile
config.status:1437: executing depfiles commands
