2014-05-30 17:49:54 [INFO] : network.cc : ikev2::network::udpSocket::udpSocket() : 25
2014-05-30 17:49:54 [INFO] : Using IPv4: 0.0.0.0
2014-05-30 17:49:54 [INFO] : config.cc : ikev2::config::config() : 23
2014-05-30 17:49:54 [INFO] : job.cc : ikev2::job::job() : 23
2014-05-30 17:49:54 [INFO] : crypto.cc : ikev2::crypto::cryptoPluginInterface::cryptoPluginInterface() : 48
2014-05-30 17:49:54 [INFO] : crypto.cc : ikev2::crypto::opensslPlugin::opensslPlugin() : 56
2014-05-30 17:49:54 [INFO] : utils.cc : int setResourceLimit() : 22
2014-05-30 17:49:54 [INFO] : ulimit -c unlimited success!
2014-05-30 17:49:54 [INFO] : myException
2014-05-30 17:49:54 [INFO] : crypto.cc : virtual ikev2::crypto::opensslPlugin::~opensslPlugin() : 60
2014-05-30 17:49:54 [INFO] : crypto.cc : virtual ikev2::crypto::cryptoPluginInterface::~cryptoPluginInterface() : 52
2014-05-30 17:49:54 [INFO] : job.cc : ikev2::job::~job() : 27
2014-05-30 17:49:54 [INFO] : config.cc : ikev2::config::~config() : 27
2014-05-30 17:49:54 [INFO] : network.cc : ikev2::network::udpSocket::~udpSocket() : 79
2014-05-30 18:25:30 [INFO] : network.cc : ikev2::network::udpSocket::udpSocket() : 25
2014-05-30 18:25:30 [INFO] : Using IPv4: 0.0.0.0
2014-05-30 18:25:30 [INFO] : config.cc : ikev2::config::config() : 23
2014-05-30 18:25:30 [INFO] : job.cc : ikev2::job::job() : 23
2014-05-30 18:25:30 [INFO] : crypto.cc : ikev2::crypto::cryptoPluginInterface::cryptoPluginInterface() : 48
2014-05-30 18:25:30 [INFO] : crypto.cc : ikev2::crypto::opensslPlugin::opensslPlugin() : 56
2014-05-30 18:25:30 [INFO] : utils.cc : int setResourceLimit() : 22
2014-05-30 18:25:30 [INFO] : ulimit -c unlimited success!
2014-05-30 18:25:30 [INFO] : job.cc : ikev2::job::~job() : 27
2014-05-30 18:25:30 [INFO] : config.cc : ikev2::config::~config() : 27
2014-05-30 18:25:30 [INFO] : network.cc : ikev2::network::udpSocket::~udpSocket() : 79
2014-05-30 18:25:43 [INFO] : network.cc : ikev2::network::udpSocket::udpSocket() : 25
2014-05-30 18:25:43 [INFO] : Using IPv4: 0.0.0.0
2014-05-30 18:25:43 [INFO] : config.cc : ikev2::config::config() : 23
2014-05-30 18:25:43 [INFO] : job.cc : ikev2::job::job() : 23
2014-05-30 18:25:43 [INFO] : crypto.cc : ikev2::crypto::cryptoPluginInterface::cryptoPluginInterface() : 48
2014-05-30 18:25:43 [INFO] : crypto.cc : ikev2::crypto::opensslPlugin::opensslPlugin() : 56
2014-05-30 18:25:43 [INFO] : utils.cc : int setResourceLimit() : 22
2014-05-30 18:25:43 [INFO] : ulimit -c unlimited success!
2014-05-30 18:25:43 [INFO] : job.cc : ikev2::job::~job() : 27
2014-05-30 18:25:43 [INFO] : config.cc : ikev2::config::~config() : 27
2014-05-30 18:25:43 [INFO] : network.cc : ikev2::network::udpSocket::~udpSocket() : 79
2014-05-30 18:26:00 [INFO] : network.cc : ikev2::network::udpSocket::udpSocket() : 25
2014-05-30 18:26:00 [INFO] : Using IPv4: 0.0.0.0
2014-05-30 18:26:00 [INFO] : config.cc : ikev2::config::config() : 23
2014-05-30 18:26:00 [INFO] : job.cc : ikev2::job::job() : 23
2014-05-30 18:26:00 [INFO] : crypto.cc : ikev2::crypto::cryptoPluginInterface::cryptoPluginInterface() : 48
2014-05-30 18:26:00 [INFO] : crypto.cc : ikev2::crypto::opensslPlugin::opensslPlugin() : 56
2014-05-30 18:26:00 [INFO] : utils.cc : int setResourceLimit() : 22
2014-05-30 18:26:00 [INFO] : ulimit -c unlimited success!
2014-05-30 18:26:00 [INFO] : job.cc : ikev2::job::~job() : 27
2014-05-30 18:26:00 [INFO] : config.cc : ikev2::config::~config() : 27
2014-05-30 18:26:00 [INFO] : network.cc : ikev2::network::udpSocket::~udpSocket() : 79
2014-05-30 18:26:04 [INFO] : network.cc : ikev2::network::udpSocket::udpSocket() : 25
2014-05-30 18:26:04 [INFO] : Using IPv4: 0.0.0.0
2014-05-30 18:26:04 [INFO] : config.cc : ikev2::config::config() : 23
2014-05-30 18:26:04 [INFO] : job.cc : ikev2::job::job() : 23
2014-05-30 18:26:04 [INFO] : crypto.cc : ikev2::crypto::cryptoPluginInterface::cryptoPluginInterface() : 48
2014-05-30 18:26:04 [INFO] : crypto.cc : ikev2::crypto::opensslPlugin::opensslPlugin() : 56
2014-05-30 18:26:04 [INFO] : utils.cc : int setResourceLimit() : 22
2014-05-30 18:26:04 [INFO] : ulimit -c unlimited success!
2014-05-30 18:26:04 [INFO] : crypto.cc : virtual ikev2::crypto::opensslPlugin::~opensslPlugin() : 60
2014-05-30 18:26:04 [INFO] : crypto.cc : virtual ikev2::crypto::cryptoPluginInterface::~cryptoPluginInterface() : 52
2014-05-30 18:26:04 [INFO] : job.cc : ikev2::job::~job() : 27
2014-05-30 18:26:04 [INFO] : config.cc : ikev2::config::~config() : 27
2014-05-30 18:26:04 [INFO] : network.cc : ikev2::network::udpSocket::~udpSocket() : 79
2014-05-30 18:26:09 [INFO] : network.cc : ikev2::network::udpSocket::udpSocket() : 25
2014-05-30 18:26:09 [INFO] : Using IPv4: 0.0.0.0
2014-05-30 18:26:09 [INFO] : config.cc : ikev2::config::config() : 23
2014-05-30 18:26:09 [INFO] : job.cc : ikev2::job::job() : 23
2014-05-30 18:26:09 [INFO] : crypto.cc : ikev2::crypto::cryptoPluginInterface::cryptoPluginInterface() : 48
2014-05-30 18:26:09 [INFO] : crypto.cc : ikev2::crypto::opensslPlugin::opensslPlugin() : 56
2014-05-30 18:26:09 [INFO] : utils.cc : int setResourceLimit() : 22
2014-05-30 18:26:09 [INFO] : ulimit -c unlimited success!
2014-05-30 18:26:09 [INFO] : crypto.cc : virtual ikev2::crypto::opensslPlugin::~opensslPlugin() : 60
2014-05-30 18:26:09 [INFO] : crypto.cc : virtual ikev2::crypto::cryptoPluginInterface::~cryptoPluginInterface() : 52
2014-05-30 18:26:09 [INFO] : job.cc : ikev2::job::~job() : 27
2014-05-30 18:26:09 [INFO] : config.cc : ikev2::config::~config() : 27
2014-05-30 18:26:09 [INFO] : network.cc : ikev2::network::udpSocket::~udpSocket() : 79
